Log file created at: 2019/03/27 09:41:09
Running on machine: in_dev_docker
Log line format: [IWEF]mmdd hh:mm:ss.uuuuuu threadid file:line] msg
I0327 09:41:09.157747 27410 class_loader_utility.h:78]  registerclass:MotionService,apollo::cyber::ComponentBase,/apollo/bazel-bin/modules/perception/onboard/component/libperception_component_camera.so
I0327 09:41:09.165143 27410 class_loader_utility.h:78]  registerclass:FusionCameraDetectionComponent,apollo::cyber::ComponentBase,/apollo/bazel-bin/modules/perception/onboard/component/libperception_component_camera.so
I0327 09:41:09.165175 27410 class_loader_utility.h:78]  registerclass:MotionService,apollo::cyber::ComponentBase,/apollo/bazel-bin/modules/perception/onboard/component/libperception_component_camera.so
I0327 09:41:09.165187 27410 class_loader_utility.h:78]  registerclass:LaneDetectionComponent,apollo::cyber::ComponentBase,/apollo/bazel-bin/modules/perception/onboard/component/libperception_component_camera.so
I0327 09:41:09.165216 27410 class_loader_utility.h:78]  registerclass:TrafficLightsPerceptionComponent,apollo::cyber::ComponentBase,/apollo/bazel-bin/modules/perception/onboard/component/libperception_component_camera.so
I0327 09:41:09.172866 27410 fusion_camera_detection_component.cc:427]  
      FusionCameraDetectionComponent InitConfig success
      camera_names:    front_6mm, front_12mm
      camera_obstacle_perception_conf_dir:    /apollo/modules/perception/production/conf/perception/camera
      camera_obstacle_perception_conf_file:    obstacle.pt
      frame_capacity:    20
      image_channel_num:    3
      enable_undistortion:    0
      enable_visualization:    0
      output_obstacles_channel_name:    /perception/obstacles
      camera_perception_viz_message_channel_name:    /perception/inner/camera_viz_msg
      visual_debug_folder_:     /apollo/debug_output
      visual_camera_:     front_6mm
      output_final_obstacles:    1
      prefused_channel_name:    /perception/inner/PrefusedObjects
      write_visual_img_:    0
I0327 09:41:09.179271 27410 fusion_camera_detection_component.cc:476]  
      camera_names: front_6mm front_12mm
      tf_camera_frame_ids: front_6mm front_12mm
      image_width: 1920
      image_height: 1080
      image_channel_num: 3
I0327 09:41:24.121026 27410 fusion_camera_detection_component.cc:487]  camera_obstacle_pipeline_->Init() succeed
I0327 09:41:24.121124 27410 fusion_camera_detection_component.cc:515]  data_provider_init_options.device_id: 0 camera_name: front_6mm
I0327 09:41:24.367146 27410 fusion_camera_detection_component.cc:515]  data_provider_init_options.device_id: 0 camera_name: front_12mm
I0327 09:41:24.372572 27410 fusion_camera_detection_component.cc:533]  #intrinsics of front_6mm: 1983.97 0000000 998.341
0000000 1981.63 621.618
0000000 0000000 0000001
I0327 09:41:24.372849 27410 fusion_camera_detection_component.cc:540]  #extrinsics of front_6mm: 000.0348996 0-0.0139537 0000.999293 0000.580393
00-0.999366 00.00649329 000.0349928 000.0727572
-0.00697698 00-0.999882 0-0.0137182 00-0.211861
00000000000 00000000000 00000000000 00000000001
I0327 09:41:24.372880 27410 fusion_camera_detection_component.cc:533]  #intrinsics of front_12mm: 3928.28 0000000 927.354
0000000 3915.64 0663.03
0000000 0000000 0000001
I0327 09:41:24.373067 27410 fusion_camera_detection_component.cc:540]  #extrinsics of front_12mm: 00.0348995 -0.0279048 000.999001 0000.30928
0-0.999001 0-0.028885 00.0340926 000.383603
00.0279048 0-0.999193 0-0.028885 0-0.279942
0000000000 0000000000 0000000000 0000000001
I0327 09:41:24.373247 27410 fusion_camera_detection_component.cc:70]  -0.211861
I0327 09:41:24.373412 27410 fusion_camera_detection_component.cc:70]  -0.279942
I0327 09:41:24.373436 27410 fusion_camera_detection_component.cc:165]  pitch diff: 3.12643
I0327 09:41:24.373440 27410 fusion_camera_detection_component.cc:566]  project_matrix_: 00000.504623 0000.0137924 00000523.091
00-0.0176666 00000.503303 00000334.273
-1.18582e-07 -3.87896e-06 000001.00257
I0327 09:41:24.373459 27410 fusion_camera_detection_component.cc:567]  pitch_diff_:3.12643
I0327 09:41:24.373462 27410 fusion_camera_detection_component.cc:580]  listener name: front_6mm_fusion_camera_listener
I0327 09:41:24.373708 27410 fusion_camera_detection_component.cc:580]  listener name: front_12mm_fusion_camera_listener
I0327 09:41:24.373847 27410 fusion_camera_detection_component.cc:92]  /apollo/modules/perception/data/params/velodyne128_novatel_extrinsics.yaml does not exist!
I0327 09:41:24.373852 27410 fusion_camera_detection_component.cc:223]  velodyne128_novatel_extrinsics: 1 0 0 0
0 1 0 0
0 0 1 0
0 0 0 1
I0327 09:41:45.017163 27417 fusion_camera_detection_component.cc:271]  FusionCameraDetectionComponent::OnReceiveImage for frame id: 1
I0327 09:41:45.238657 27417 fusion_camera_detection_component.cc:336]  Response time of 1: 221.504
W0327 09:41:45.238914 27417 channel_buffer.h:71]  channel[/apollo/sensor/camera/front_6mm/image] read buffer overflow, drop_message[1] pre_index[2] current_index[3] 
I0327 09:41:45.238929 27417 fusion_camera_detection_component.cc:271]  FusionCameraDetectionComponent::OnReceiveImage for frame id: 2
I0327 09:41:45.326606 27417 fusion_camera_detection_component.cc:336]  Response time of 2: 87.6766
W0327 09:41:45.326864 27417 channel_buffer.h:71]  channel[/apollo/sensor/camera/front_6mm/image] read buffer overflow, drop_message[1] pre_index[4] current_index[5] 
I0327 09:41:45.326880 27417 fusion_camera_detection_component.cc:271]  FusionCameraDetectionComponent::OnReceiveImage for frame id: 3
I0327 09:41:45.408229 27417 fusion_camera_detection_component.cc:336]  Response time of 3: 81.3491
I0327 09:41:45.408480 27417 fusion_camera_detection_component.cc:271]  FusionCameraDetectionComponent::OnReceiveImage for frame id: 4
I0327 09:41:45.489332 27417 fusion_camera_detection_component.cc:336]  Response time of 4: 80.853
I0327 09:41:45.489590 27417 fusion_camera_detection_component.cc:271]  FusionCameraDetectionComponent::OnReceiveImage for frame id: 5
I0327 09:41:45.566599 27417 fusion_camera_detection_component.cc:336]  Response time of 5: 77.0094
I0327 09:41:45.575186 27424 fusion_camera_detection_component.cc:271]  FusionCameraDetectionComponent::OnReceiveImage for frame id: 6
I0327 09:41:45.660162 27424 fusion_camera_detection_component.cc:336]  Response time of 6: 84.9889
I0327 09:41:45.711642 27413 fusion_camera_detection_component.cc:271]  FusionCameraDetectionComponent::OnReceiveImage for frame id: 7
I0327 09:41:45.789412 27413 fusion_camera_detection_component.cc:336]  Response time of 7: 77.7786
I0327 09:41:45.789659 27413 fusion_camera_detection_component.cc:271]  FusionCameraDetectionComponent::OnReceiveImage for frame id: 8
I0327 09:41:45.869410 27413 fusion_camera_detection_component.cc:336]  Response time of 8: 79.7501
I0327 09:41:45.872241 27415 fusion_camera_detection_component.cc:271]  FusionCameraDetectionComponent::OnReceiveImage for frame id: 9
I0327 09:41:45.947898 27415 fusion_camera_detection_component.cc:336]  Response time of 9: 75.6674
I0327 09:41:45.973238 27416 fusion_camera_detection_component.cc:271]  FusionCameraDetectionComponent::OnReceiveImage for frame id: 10
I0327 09:41:46.056020 27416 fusion_camera_detection_component.cc:336]  Response time of 10: 82.7895
I0327 09:41:46.071413 27418 fusion_camera_detection_component.cc:271]  FusionCameraDetectionComponent::OnReceiveImage for frame id: 11
I0327 09:41:46.147707 27418 fusion_camera_detection_component.cc:336]  Response time of 11: 76.3013
I0327 09:41:46.182771 27419 fusion_camera_detection_component.cc:271]  FusionCameraDetectionComponent::OnReceiveImage for frame id: 12
I0327 09:41:46.259382 27419 fusion_camera_detection_component.cc:336]  Response time of 12: 76.6177
I0327 09:41:46.274123 27420 fusion_camera_detection_component.cc:271]  FusionCameraDetectionComponent::OnReceiveImage for frame id: 13
I0327 09:41:46.350092 27420 fusion_camera_detection_component.cc:336]  Response time of 13: 75.9765
I0327 09:41:46.376827 27421 fusion_camera_detection_component.cc:271]  FusionCameraDetectionComponent::OnReceiveImage for frame id: 14
I0327 09:41:46.452448 27421 fusion_camera_detection_component.cc:336]  Response time of 14: 75.6288
I0327 09:41:46.473708 27422 fusion_camera_detection_component.cc:271]  FusionCameraDetectionComponent::OnReceiveImage for frame id: 15
I0327 09:41:46.549679 27422 fusion_camera_detection_component.cc:336]  Response time of 15: 75.9766
I0327 09:41:46.569164 27423 fusion_camera_detection_component.cc:271]  FusionCameraDetectionComponent::OnReceiveImage for frame id: 16
I0327 09:41:46.658869 27423 fusion_camera_detection_component.cc:336]  Response time of 16: 89.7134
I0327 09:41:46.772557 27417 fusion_camera_detection_component.cc:271]  FusionCameraDetectionComponent::OnReceiveImage for frame id: 17
I0327 09:41:46.848371 27417 fusion_camera_detection_component.cc:336]  Response time of 17: 75.8274
I0327 09:41:46.859340 27424 fusion_camera_detection_component.cc:271]  FusionCameraDetectionComponent::OnReceiveImage for frame id: 18
I0327 09:41:46.934913 27424 fusion_camera_detection_component.cc:336]  Response time of 18: 75.5874
I0327 09:41:46.935151 27424 fusion_camera_detection_component.cc:271]  FusionCameraDetectionComponent::OnReceiveImage for frame id: 19
I0327 09:41:47.010455 27424 fusion_camera_detection_component.cc:336]  Response time of 19: 75.3054
I0327 09:41:47.010690 27424 fusion_camera_detection_component.cc:271]  FusionCameraDetectionComponent::OnReceiveImage for frame id: 20
I0327 09:41:47.086660 27424 fusion_camera_detection_component.cc:336]  Response time of 20: 75.9721
I0327 09:41:47.086902 27424 fusion_camera_detection_component.cc:271]  FusionCameraDetectionComponent::OnReceiveImage for frame id: 21
I0327 09:41:47.162012 27424 fusion_camera_detection_component.cc:336]  Response time of 21: 75.112
I0327 09:41:47.178591 27416 fusion_camera_detection_component.cc:271]  FusionCameraDetectionComponent::OnReceiveImage for frame id: 22
I0327 09:41:47.258466 27416 fusion_camera_detection_component.cc:336]  Response time of 22: 79.8846
I0327 09:41:47.274469 27418 fusion_camera_detection_component.cc:271]  FusionCameraDetectionComponent::OnReceiveImage for frame id: 23
I0327 09:41:47.362429 27418 fusion_camera_detection_component.cc:336]  Response time of 23: 87.9688
I0327 09:41:47.387984 27419 fusion_camera_detection_component.cc:271]  FusionCameraDetectionComponent::OnReceiveImage for frame id: 24
I0327 09:41:47.463491 27419 fusion_camera_detection_component.cc:336]  Response time of 24: 75.5212
I0327 09:41:47.473070 27420 fusion_camera_detection_component.cc:271]  FusionCameraDetectionComponent::OnReceiveImage for frame id: 25
I0327 09:41:47.548056 27420 fusion_camera_detection_component.cc:336]  Response time of 25: 74.9951
I0327 09:41:47.577584 27421 fusion_camera_detection_component.cc:271]  FusionCameraDetectionComponent::OnReceiveImage for frame id: 26
I0327 09:41:47.652384 27421 fusion_camera_detection_component.cc:336]  Response time of 26: 74.8116
I0327 09:41:47.778726 27422 fusion_camera_detection_component.cc:271]  FusionCameraDetectionComponent::OnReceiveImage for frame id: 27
I0327 09:41:47.855049 27422 fusion_camera_detection_component.cc:336]  Response time of 27: 76.3346
I0327 09:41:47.855283 27422 fusion_camera_detection_component.cc:271]  FusionCameraDetectionComponent::OnReceiveImage for frame id: 28
I0327 09:41:47.930456 27422 fusion_camera_detection_component.cc:336]  Response time of 28: 75.1755
I0327 09:41:47.930699 27422 fusion_camera_detection_component.cc:271]  FusionCameraDetectionComponent::OnReceiveImage for frame id: 29
I0327 09:41:48.006754 27422 fusion_camera_detection_component.cc:336]  Response time of 29: 76.0566
I0327 09:41:48.006994 27422 fusion_camera_detection_component.cc:271]  FusionCameraDetectionComponent::OnReceiveImage for frame id: 30
I0327 09:41:48.082482 27422 fusion_camera_detection_component.cc:336]  Response time of 30: 75.4894
I0327 09:41:48.082720 27422 fusion_camera_detection_component.cc:271]  FusionCameraDetectionComponent::OnReceiveImage for frame id: 31
I0327 09:41:48.158841 27422 fusion_camera_detection_component.cc:336]  Response time of 31: 76.1232
I0327 09:41:48.178004 27415 fusion_camera_detection_component.cc:271]  FusionCameraDetectionComponent::OnReceiveImage for frame id: 32
I0327 09:41:48.253172 27415 fusion_camera_detection_component.cc:336]  Response time of 32: 75.183
I0327 09:41:48.274111 27424 fusion_camera_detection_component.cc:271]  FusionCameraDetectionComponent::OnReceiveImage for frame id: 33
I0327 09:41:48.349896 27424 fusion_camera_detection_component.cc:336]  Response time of 33: 75.7998
I0327 09:41:48.376250 27416 fusion_camera_detection_component.cc:271]  FusionCameraDetectionComponent::OnReceiveImage for frame id: 34
I0327 09:41:48.462591 27416 fusion_camera_detection_component.cc:336]  Response time of 34: 86.3615
I0327 09:41:48.486903 27418 fusion_camera_detection_component.cc:271]  FusionCameraDetectionComponent::OnReceiveImage for frame id: 35
I0327 09:41:48.562968 27418 fusion_camera_detection_component.cc:336]  Response time of 35: 76.0773
I0327 09:41:48.575522 27419 fusion_camera_detection_component.cc:271]  FusionCameraDetectionComponent::OnReceiveImage for frame id: 36
I0327 09:41:48.651470 27419 fusion_camera_detection_component.cc:336]  Response time of 36: 75.9639
I0327 09:41:48.684268 27420 fusion_camera_detection_component.cc:271]  FusionCameraDetectionComponent::OnReceiveImage for frame id: 37
I0327 09:41:48.760686 27420 fusion_camera_detection_component.cc:336]  Response time of 37: 76.4269
I0327 09:41:48.796535 27421 fusion_camera_detection_component.cc:271]  FusionCameraDetectionComponent::OnReceiveImage for frame id: 38
I0327 09:41:48.875932 27421 fusion_camera_detection_component.cc:336]  Response time of 38: 79.4181
I0327 09:41:48.876164 27421 fusion_camera_detection_component.cc:271]  FusionCameraDetectionComponent::OnReceiveImage for frame id: 39
I0327 09:41:48.951578 27421 fusion_camera_detection_component.cc:336]  Response time of 39: 75.4162
I0327 09:41:48.969795 27417 fusion_camera_detection_component.cc:271]  FusionCameraDetectionComponent::OnReceiveImage for frame id: 40
I0327 09:41:49.043761 27417 fusion_camera_detection_component.cc:336]  Response time of 40: 73.979
I0327 09:41:49.090543 27414 fusion_camera_detection_component.cc:271]  FusionCameraDetectionComponent::OnReceiveImage for frame id: 41
I0327 09:41:49.167361 27414 fusion_camera_detection_component.cc:336]  Response time of 41: 76.8256
I0327 09:41:49.173647 27413 fusion_camera_detection_component.cc:271]  FusionCameraDetectionComponent::OnReceiveImage for frame id: 42
I0327 09:41:49.249644 27413 fusion_camera_detection_component.cc:336]  Response time of 42: 76.006
I0327 09:41:49.309772 27422 fusion_camera_detection_component.cc:271]  FusionCameraDetectionComponent::OnReceiveImage for frame id: 43
I0327 09:41:49.386763 27422 fusion_camera_detection_component.cc:336]  Response time of 43: 77.0101
I0327 09:41:49.386999 27422 fusion_camera_detection_component.cc:271]  FusionCameraDetectionComponent::OnReceiveImage for frame id: 44
I0327 09:41:49.462591 27422 fusion_camera_detection_component.cc:336]  Response time of 44: 75.5933
I0327 09:41:49.474345 27424 fusion_camera_detection_component.cc:271]  FusionCameraDetectionComponent::OnReceiveImage for frame id: 45
I0327 09:41:49.549985 27424 fusion_camera_detection_component.cc:336]  Response time of 45: 75.6551
I0327 09:41:49.575673 27416 fusion_camera_detection_component.cc:271]  FusionCameraDetectionComponent::OnReceiveImage for frame id: 46
I0327 09:41:49.651458 27416 fusion_camera_detection_component.cc:336]  Response time of 46: 75.8015
I0327 09:41:49.685072 27418 fusion_camera_detection_component.cc:271]  FusionCameraDetectionComponent::OnReceiveImage for frame id: 47
I0327 09:41:49.760198 27418 fusion_camera_detection_component.cc:336]  Response time of 47: 75.1363
I0327 09:41:49.777880 27419 fusion_camera_detection_component.cc:271]  FusionCameraDetectionComponent::OnReceiveImage for frame id: 48
I0327 09:41:49.855654 27419 fusion_camera_detection_component.cc:336]  Response time of 48: 77.7885
I0327 09:41:49.869390 27420 fusion_camera_detection_component.cc:271]  FusionCameraDetectionComponent::OnReceiveImage for frame id: 49
I0327 09:41:49.945842 27420 fusion_camera_detection_component.cc:336]  Response time of 49: 76.4656
I0327 09:41:49.971859 27423 fusion_camera_detection_component.cc:271]  FusionCameraDetectionComponent::OnReceiveImage for frame id: 50
I0327 09:41:50.048329 27423 fusion_camera_detection_component.cc:336]  Response time of 50: 76.4788
I0327 09:41:50.075500 27421 fusion_camera_detection_component.cc:271]  FusionCameraDetectionComponent::OnReceiveImage for frame id: 51
I0327 09:41:50.150660 27421 fusion_camera_detection_component.cc:336]  Response time of 51: 75.1706
I0327 09:41:50.171109 27417 fusion_camera_detection_component.cc:271]  FusionCameraDetectionComponent::OnReceiveImage for frame id: 52
I0327 09:41:50.244868 27417 fusion_camera_detection_component.cc:336]  Response time of 52: 73.7729
I0327 09:41:50.274631 27414 fusion_camera_detection_component.cc:271]  FusionCameraDetectionComponent::OnReceiveImage for frame id: 53
I0327 09:41:50.350391 27414 fusion_camera_detection_component.cc:336]  Response time of 53: 75.7719
I0327 09:41:50.374234 27413 fusion_camera_detection_component.cc:271]  FusionCameraDetectionComponent::OnReceiveImage for frame id: 54
I0327 09:41:50.450358 27413 fusion_camera_detection_component.cc:336]  Response time of 54: 76.1337
I0327 09:41:50.475504 27415 fusion_camera_detection_component.cc:271]  FusionCameraDetectionComponent::OnReceiveImage for frame id: 55
I0327 09:41:50.552150 27415 fusion_camera_detection_component.cc:336]  Response time of 55: 76.6568
I0327 09:41:50.576877 27422 fusion_camera_detection_component.cc:271]  FusionCameraDetectionComponent::OnReceiveImage for frame id: 56
I0327 09:41:50.652341 27422 fusion_camera_detection_component.cc:336]  Response time of 56: 75.4798
I0327 09:41:50.757109 27424 fusion_camera_detection_component.cc:271]  FusionCameraDetectionComponent::OnReceiveImage for frame id: 57
I0327 09:41:50.834169 27424 fusion_camera_detection_component.cc:336]  Response time of 57: 77.0782
I0327 09:41:50.842823 27416 fusion_camera_detection_component.cc:271]  FusionCameraDetectionComponent::OnReceiveImage for frame id: 58
I0327 09:41:50.921536 27416 fusion_camera_detection_component.cc:336]  Response time of 58: 78.725
I0327 09:41:50.921772 27416 fusion_camera_detection_component.cc:271]  FusionCameraDetectionComponent::OnReceiveImage for frame id: 59
I0327 09:41:50.997531 27416 fusion_camera_detection_component.cc:336]  Response time of 59: 75.7616
I0327 09:41:51.222182 27419 fusion_camera_detection_component.cc:271]  FusionCameraDetectionComponent::OnReceiveImage for frame id: 60
I0327 09:41:51.300114 27419 fusion_camera_detection_component.cc:336]  Response time of 60: 77.9474
W0327 09:41:51.300360 27419 channel_buffer.h:71]  channel[/apollo/sensor/camera/front_6mm/image] read buffer overflow, drop_message[2] pre_index[63] current_index[65] 
I0327 09:41:51.300372 27419 fusion_camera_detection_component.cc:271]  FusionCameraDetectionComponent::OnReceiveImage for frame id: 61
I0327 09:41:51.375850 27419 fusion_camera_detection_component.cc:336]  Response time of 61: 75.4774
I0327 09:41:51.391028 27417 fusion_camera_detection_component.cc:271]  FusionCameraDetectionComponent::OnReceiveImage for frame id: 62
I0327 09:41:51.464845 27417 fusion_camera_detection_component.cc:336]  Response time of 62: 73.8321
I0327 09:41:51.498358 27414 fusion_camera_detection_component.cc:271]  FusionCameraDetectionComponent::OnReceiveImage for frame id: 63
I0327 09:41:51.574769 27414 fusion_camera_detection_component.cc:336]  Response time of 63: 76.4253
I0327 09:41:51.585137 27413 fusion_camera_detection_component.cc:271]  FusionCameraDetectionComponent::OnReceiveImage for frame id: 64
I0327 09:41:51.660882 27413 fusion_camera_detection_component.cc:336]  Response time of 64: 75.7551
I0327 09:41:51.673569 27415 fusion_camera_detection_component.cc:271]  FusionCameraDetectionComponent::OnReceiveImage for frame id: 65
I0327 09:41:51.749867 27415 fusion_camera_detection_component.cc:336]  Response time of 65: 76.3115
I0327 09:41:51.772833 27422 fusion_camera_detection_component.cc:271]  FusionCameraDetectionComponent::OnReceiveImage for frame id: 66
I0327 09:41:51.848878 27422 fusion_camera_detection_component.cc:336]  Response time of 66: 76.0595
I0327 09:41:51.876133 27424 fusion_camera_detection_component.cc:271]  FusionCameraDetectionComponent::OnReceiveImage for frame id: 67
I0327 09:41:51.951792 27424 fusion_camera_detection_component.cc:336]  Response time of 67: 75.671
I0327 09:41:51.971144 27418 fusion_camera_detection_component.cc:271]  FusionCameraDetectionComponent::OnReceiveImage for frame id: 68
I0327 09:41:52.047070 27418 fusion_camera_detection_component.cc:336]  Response time of 68: 75.9436
I0327 09:41:52.073655 27416 fusion_camera_detection_component.cc:271]  FusionCameraDetectionComponent::OnReceiveImage for frame id: 69
I0327 09:41:52.149260 27416 fusion_camera_detection_component.cc:336]  Response time of 69: 75.6169
I0327 09:41:52.168982 27420 fusion_camera_detection_component.cc:271]  FusionCameraDetectionComponent::OnReceiveImage for frame id: 70
I0327 09:41:52.244808 27420 fusion_camera_detection_component.cc:336]  Response time of 70: 75.8418
I0327 09:41:52.269779 27423 fusion_camera_detection_component.cc:271]  FusionCameraDetectionComponent::OnReceiveImage for frame id: 71
I0327 09:41:52.346735 27423 fusion_camera_detection_component.cc:336]  Response time of 71: 76.9661
I0327 09:41:52.370867 27421 fusion_camera_detection_component.cc:271]  FusionCameraDetectionComponent::OnReceiveImage for frame id: 72
I0327 09:41:52.447103 27421 fusion_camera_detection_component.cc:336]  Response time of 72: 76.2497
I0327 09:41:52.469354 27419 fusion_camera_detection_component.cc:271]  FusionCameraDetectionComponent::OnReceiveImage for frame id: 73
I0327 09:41:52.545318 27419 fusion_camera_detection_component.cc:336]  Response time of 73: 75.9797
I0327 09:41:52.575834 27417 fusion_camera_detection_component.cc:271]  FusionCameraDetectionComponent::OnReceiveImage for frame id: 74
I0327 09:41:52.650018 27417 fusion_camera_detection_component.cc:336]  Response time of 74: 74.2055
I0327 09:41:52.670342 27414 fusion_camera_detection_component.cc:271]  FusionCameraDetectionComponent::OnReceiveImage for frame id: 75
I0327 09:41:52.745931 27414 fusion_camera_detection_component.cc:336]  Response time of 75: 75.6028
I0327 09:41:52.810277 27413 fusion_camera_detection_component.cc:271]  FusionCameraDetectionComponent::OnReceiveImage for frame id: 76
I0327 09:41:52.886548 27413 fusion_camera_detection_component.cc:336]  Response time of 76: 76.2915
I0327 09:41:52.886786 27413 fusion_camera_detection_component.cc:271]  FusionCameraDetectionComponent::OnReceiveImage for frame id: 77
I0327 09:41:52.963222 27413 fusion_camera_detection_component.cc:336]  Response time of 77: 76.4369
I0327 09:41:52.976593 27422 fusion_camera_detection_component.cc:271]  FusionCameraDetectionComponent::OnReceiveImage for frame id: 78
I0327 09:41:53.052574 27422 fusion_camera_detection_component.cc:336]  Response time of 78: 75.9971
I0327 09:41:53.074748 27424 fusion_camera_detection_component.cc:271]  FusionCameraDetectionComponent::OnReceiveImage for frame id: 79
I0327 09:41:53.150332 27424 fusion_camera_detection_component.cc:336]  Response time of 79: 75.6016
I0327 09:41:53.170183 27418 fusion_camera_detection_component.cc:271]  FusionCameraDetectionComponent::OnReceiveImage for frame id: 80
I0327 09:41:53.245815 27418 fusion_camera_detection_component.cc:336]  Response time of 80: 75.6406
I0327 09:41:53.270141 27416 fusion_camera_detection_component.cc:271]  FusionCameraDetectionComponent::OnReceiveImage for frame id: 81
I0327 09:41:53.345633 27416 fusion_camera_detection_component.cc:336]  Response time of 81: 75.5074
I0327 09:41:53.375130 27420 fusion_camera_detection_component.cc:271]  FusionCameraDetectionComponent::OnReceiveImage for frame id: 82
I0327 09:41:53.451573 27420 fusion_camera_detection_component.cc:336]  Response time of 82: 76.4575
I0327 09:41:53.474045 27423 fusion_camera_detection_component.cc:271]  FusionCameraDetectionComponent::OnReceiveImage for frame id: 83
I0327 09:41:53.550976 27423 fusion_camera_detection_component.cc:336]  Response time of 83: 76.9444
I0327 09:41:53.575284 27421 fusion_camera_detection_component.cc:271]  FusionCameraDetectionComponent::OnReceiveImage for frame id: 84
I0327 09:41:53.651194 27421 fusion_camera_detection_component.cc:336]  Response time of 84: 75.923
I0327 09:41:53.670826 27419 fusion_camera_detection_component.cc:271]  FusionCameraDetectionComponent::OnReceiveImage for frame id: 85
I0327 09:41:53.746661 27419 fusion_camera_detection_component.cc:336]  Response time of 85: 75.8481
I0327 09:41:53.774289 27417 fusion_camera_detection_component.cc:271]  FusionCameraDetectionComponent::OnReceiveImage for frame id: 86
I0327 09:41:53.847919 27417 fusion_camera_detection_component.cc:336]  Response time of 86: 73.6485
I0327 09:41:53.872206 27414 fusion_camera_detection_component.cc:271]  FusionCameraDetectionComponent::OnReceiveImage for frame id: 87
I0327 09:41:53.947960 27414 fusion_camera_detection_component.cc:336]  Response time of 87: 75.7692
I0327 09:41:53.976997 27415 fusion_camera_detection_component.cc:271]  FusionCameraDetectionComponent::OnReceiveImage for frame id: 88
I0327 09:41:54.052585 27415 fusion_camera_detection_component.cc:336]  Response time of 88: 75.6079
I0327 09:41:54.067353 27413 fusion_camera_detection_component.cc:271]  FusionCameraDetectionComponent::OnReceiveImage for frame id: 89
I0327 09:41:54.143301 27413 fusion_camera_detection_component.cc:336]  Response time of 89: 75.9608
I0327 09:41:54.170994 27422 fusion_camera_detection_component.cc:271]  FusionCameraDetectionComponent::OnReceiveImage for frame id: 90
I0327 09:41:54.246894 27422 fusion_camera_detection_component.cc:336]  Response time of 90: 75.9151
I0327 09:41:54.273727 27424 fusion_camera_detection_component.cc:271]  FusionCameraDetectionComponent::OnReceiveImage for frame id: 91
I0327 09:41:54.349061 27424 fusion_camera_detection_component.cc:336]  Response time of 91: 75.3477
I0327 09:41:54.369640 27418 fusion_camera_detection_component.cc:271]  FusionCameraDetectionComponent::OnReceiveImage for frame id: 92
I0327 09:41:54.445255 27418 fusion_camera_detection_component.cc:336]  Response time of 92: 75.6296
I0327 09:41:54.472946 27416 fusion_camera_detection_component.cc:271]  FusionCameraDetectionComponent::OnReceiveImage for frame id: 93
I0327 09:41:54.548451 27416 fusion_camera_detection_component.cc:336]  Response time of 93: 75.5229
I0327 09:41:54.583065 27420 fusion_camera_detection_component.cc:271]  FusionCameraDetectionComponent::OnReceiveImage for frame id: 94
I0327 09:41:54.658275 27420 fusion_camera_detection_component.cc:336]  Response time of 94: 75.2214
I0327 09:41:54.672837 27423 fusion_camera_detection_component.cc:271]  FusionCameraDetectionComponent::OnReceiveImage for frame id: 95
I0327 09:41:54.749248 27423 fusion_camera_detection_component.cc:336]  Response time of 95: 76.4261
I0327 09:41:54.776793 27421 fusion_camera_detection_component.cc:271]  FusionCameraDetectionComponent::OnReceiveImage for frame id: 96
I0327 09:41:54.852965 27421 fusion_camera_detection_component.cc:336]  Response time of 96: 76.1916
I0327 09:41:54.874450 27419 fusion_camera_detection_component.cc:271]  FusionCameraDetectionComponent::OnReceiveImage for frame id: 97
I0327 09:41:54.951504 27419 fusion_camera_detection_component.cc:336]  Response time of 97: 77.0681
I0327 09:41:54.967409 27417 fusion_camera_detection_component.cc:271]  FusionCameraDetectionComponent::OnReceiveImage for frame id: 98
I0327 09:41:55.041179 27417 fusion_camera_detection_component.cc:336]  Response time of 98: 73.7875
I0327 09:41:55.067384 27414 fusion_camera_detection_component.cc:271]  FusionCameraDetectionComponent::OnReceiveImage for frame id: 99
I0327 09:41:55.142721 27414 fusion_camera_detection_component.cc:336]  Response time of 99: 75.3494
I0327 09:41:55.170214 27415 fusion_camera_detection_component.cc:271]  FusionCameraDetectionComponent::OnReceiveImage for frame id: 100
I0327 09:41:55.245429 27415 fusion_camera_detection_component.cc:336]  Response time of 100: 75.226
I0327 09:41:55.267529 27413 fusion_camera_detection_component.cc:271]  FusionCameraDetectionComponent::OnReceiveImage for frame id: 101
I0327 09:41:55.344014 27413 fusion_camera_detection_component.cc:336]  Response time of 101: 76.5045
I0327 09:41:55.395223 27422 fusion_camera_detection_component.cc:271]  FusionCameraDetectionComponent::OnReceiveImage for frame id: 102
I0327 09:41:55.470881 27422 fusion_camera_detection_component.cc:336]  Response time of 102: 75.6724
I0327 09:41:55.476269 27424 fusion_camera_detection_component.cc:271]  FusionCameraDetectionComponent::OnReceiveImage for frame id: 103
I0327 09:41:55.551528 27424 fusion_camera_detection_component.cc:336]  Response time of 103: 75.2788
I0327 09:41:55.575136 27418 fusion_camera_detection_component.cc:271]  FusionCameraDetectionComponent::OnReceiveImage for frame id: 104
I0327 09:41:55.650533 27418 fusion_camera_detection_component.cc:336]  Response time of 104: 75.4092
I0327 09:41:55.676610 27416 fusion_camera_detection_component.cc:271]  FusionCameraDetectionComponent::OnReceiveImage for frame id: 105
I0327 09:41:55.752305 27416 fusion_camera_detection_component.cc:336]  Response time of 105: 75.7112
I0327 09:41:55.786739 27420 fusion_camera_detection_component.cc:271]  FusionCameraDetectionComponent::OnReceiveImage for frame id: 106
I0327 09:41:55.862763 27420 fusion_camera_detection_component.cc:336]  Response time of 106: 76.0374
I0327 09:41:55.930483 27423 fusion_camera_detection_component.cc:271]  FusionCameraDetectionComponent::OnReceiveImage for frame id: 107
I0327 09:41:56.010304 27423 fusion_camera_detection_component.cc:336]  Response time of 107: 79.8456
I0327 09:41:56.010545 27423 fusion_camera_detection_component.cc:271]  FusionCameraDetectionComponent::OnReceiveImage for frame id: 108
I0327 09:41:56.105880 27423 fusion_camera_detection_component.cc:336]  Response time of 108: 95.3352
I0327 09:41:56.152727 27419 fusion_camera_detection_component.cc:271]  FusionCameraDetectionComponent::OnReceiveImage for frame id: 109
I0327 09:41:56.228134 27419 fusion_camera_detection_component.cc:336]  Response time of 109: 75.4211
I0327 09:41:56.228382 27419 fusion_camera_detection_component.cc:271]  FusionCameraDetectionComponent::OnReceiveImage for frame id: 110
I0327 09:41:56.305176 27419 fusion_camera_detection_component.cc:336]  Response time of 110: 76.7957
I0327 09:41:56.305423 27419 fusion_camera_detection_component.cc:271]  FusionCameraDetectionComponent::OnReceiveImage for frame id: 111
I0327 09:41:56.381695 27419 fusion_camera_detection_component.cc:336]  Response time of 111: 76.2735
I0327 09:41:56.382361 27415 fusion_camera_detection_component.cc:271]  FusionCameraDetectionComponent::OnReceiveImage for frame id: 112
I0327 09:41:56.457522 27415 fusion_camera_detection_component.cc:336]  Response time of 112: 75.1676
I0327 09:41:56.479178 27413 fusion_camera_detection_component.cc:271]  FusionCameraDetectionComponent::OnReceiveImage for frame id: 113
I0327 09:41:56.554810 27413 fusion_camera_detection_component.cc:336]  Response time of 113: 75.6477
I0327 09:41:56.570946 27422 fusion_camera_detection_component.cc:271]  FusionCameraDetectionComponent::OnReceiveImage for frame id: 114
I0327 09:41:56.646643 27422 fusion_camera_detection_component.cc:336]  Response time of 114: 75.7104
I0327 09:41:56.667862 27424 fusion_camera_detection_component.cc:271]  FusionCameraDetectionComponent::OnReceiveImage for frame id: 115
I0327 09:41:56.743088 27424 fusion_camera_detection_component.cc:336]  Response time of 115: 75.2427
I0327 09:41:56.794211 27418 fusion_camera_detection_component.cc:271]  FusionCameraDetectionComponent::OnReceiveImage for frame id: 116
I0327 09:41:56.870265 27418 fusion_camera_detection_component.cc:336]  Response time of 116: 76.0731
I0327 09:41:56.877524 27416 fusion_camera_detection_component.cc:271]  FusionCameraDetectionComponent::OnReceiveImage for frame id: 117
I0327 09:41:56.955693 27416 fusion_camera_detection_component.cc:336]  Response time of 117: 78.1854
I0327 09:41:56.973815 27420 fusion_camera_detection_component.cc:271]  FusionCameraDetectionComponent::OnReceiveImage for frame id: 118
I0327 09:41:57.049430 27420 fusion_camera_detection_component.cc:336]  Response time of 118: 75.6303
I0327 09:41:57.072970 27421 fusion_camera_detection_component.cc:271]  FusionCameraDetectionComponent::OnReceiveImage for frame id: 119
I0327 09:41:57.148195 27421 fusion_camera_detection_component.cc:336]  Response time of 119: 75.2406
I0327 09:41:57.174010 27423 fusion_camera_detection_component.cc:271]  FusionCameraDetectionComponent::OnReceiveImage for frame id: 120
I0327 09:41:57.249490 27423 fusion_camera_detection_component.cc:336]  Response time of 120: 75.4948
I0327 09:41:57.276129 27417 fusion_camera_detection_component.cc:271]  FusionCameraDetectionComponent::OnReceiveImage for frame id: 121
I0327 09:41:57.349447 27417 fusion_camera_detection_component.cc:336]  Response time of 121: 73.3381
I0327 09:41:57.369828 27414 fusion_camera_detection_component.cc:271]  FusionCameraDetectionComponent::OnReceiveImage for frame id: 122
I0327 09:41:57.444859 27414 fusion_camera_detection_component.cc:336]  Response time of 122: 75.0444
I0327 09:41:57.470882 27419 fusion_camera_detection_component.cc:271]  FusionCameraDetectionComponent::OnReceiveImage for frame id: 123
I0327 09:41:57.546540 27419 fusion_camera_detection_component.cc:336]  Response time of 123: 75.6712
I0327 09:41:57.570871 27415 fusion_camera_detection_component.cc:271]  FusionCameraDetectionComponent::OnReceiveImage for frame id: 124
I0327 09:41:57.645891 27415 fusion_camera_detection_component.cc:336]  Response time of 124: 75.0348
I0327 09:41:57.673015 27413 fusion_camera_detection_component.cc:271]  FusionCameraDetectionComponent::OnReceiveImage for frame id: 125
I0327 09:41:57.748178 27413 fusion_camera_detection_component.cc:336]  Response time of 125: 75.179
I0327 09:41:57.771935 27422 fusion_camera_detection_component.cc:271]  FusionCameraDetectionComponent::OnReceiveImage for frame id: 126
I0327 09:41:57.847208 27422 fusion_camera_detection_component.cc:336]  Response time of 126: 75.289
I0327 09:41:57.867493 27424 fusion_camera_detection_component.cc:271]  FusionCameraDetectionComponent::OnReceiveImage for frame id: 127
I0327 09:41:57.945420 27424 fusion_camera_detection_component.cc:336]  Response time of 127: 77.938
I0327 09:41:57.969565 27418 fusion_camera_detection_component.cc:271]  FusionCameraDetectionComponent::OnReceiveImage for frame id: 128
I0327 09:41:58.044128 27418 fusion_camera_detection_component.cc:336]  Response time of 128: 74.5769
I0327 09:41:58.071449 27416 fusion_camera_detection_component.cc:271]  FusionCameraDetectionComponent::OnReceiveImage for frame id: 129
I0327 09:41:58.146142 27416 fusion_camera_detection_component.cc:336]  Response time of 129: 74.7101
I0327 09:41:58.173323 27420 fusion_camera_detection_component.cc:271]  FusionCameraDetectionComponent::OnReceiveImage for frame id: 130
I0327 09:41:58.248469 27420 fusion_camera_detection_component.cc:336]  Response time of 130: 75.1586
I0327 09:41:58.275502 27421 fusion_camera_detection_component.cc:271]  FusionCameraDetectionComponent::OnReceiveImage for frame id: 131
I0327 09:41:58.350419 27421 fusion_camera_detection_component.cc:336]  Response time of 131: 74.9311
I0327 09:41:58.371731 27423 fusion_camera_detection_component.cc:271]  FusionCameraDetectionComponent::OnReceiveImage for frame id: 132
I0327 09:41:58.446370 27423 fusion_camera_detection_component.cc:336]  Response time of 132: 74.6556
I0327 09:41:58.472096 27417 fusion_camera_detection_component.cc:271]  FusionCameraDetectionComponent::OnReceiveImage for frame id: 133
I0327 09:41:58.545235 27417 fusion_camera_detection_component.cc:336]  Response time of 133: 73.1512
I0327 09:41:58.570758 27414 fusion_camera_detection_component.cc:271]  FusionCameraDetectionComponent::OnReceiveImage for frame id: 134
I0327 09:41:58.645169 27414 fusion_camera_detection_component.cc:336]  Response time of 134: 74.4222
I0327 09:41:58.696395 27419 fusion_camera_detection_component.cc:271]  FusionCameraDetectionComponent::OnReceiveImage for frame id: 135
I0327 09:41:58.772428 27419 fusion_camera_detection_component.cc:336]  Response time of 135: 76.0557
I0327 09:41:58.772675 27419 fusion_camera_detection_component.cc:271]  FusionCameraDetectionComponent::OnReceiveImage for frame id: 136
I0327 09:41:58.847115 27419 fusion_camera_detection_component.cc:336]  Response time of 136: 74.442
I0327 09:41:58.876883 27413 fusion_camera_detection_component.cc:271]  FusionCameraDetectionComponent::OnReceiveImage for frame id: 137
I0327 09:41:58.953316 27413 fusion_camera_detection_component.cc:336]  Response time of 137: 76.4487
I0327 09:41:58.970165 27422 fusion_camera_detection_component.cc:271]  FusionCameraDetectionComponent::OnReceiveImage for frame id: 138
I0327 09:41:59.044744 27422 fusion_camera_detection_component.cc:336]  Response time of 138: 74.5975
I0327 09:41:59.067384 27424 fusion_camera_detection_component.cc:271]  FusionCameraDetectionComponent::OnReceiveImage for frame id: 139
I0327 09:41:59.141939 27424 fusion_camera_detection_component.cc:336]  Response time of 139: 74.5696
I0327 09:41:59.173485 27418 fusion_camera_detection_component.cc:271]  FusionCameraDetectionComponent::OnReceiveImage for frame id: 140
I0327 09:41:59.248061 27418 fusion_camera_detection_component.cc:336]  Response time of 140: 74.59
I0327 09:41:59.277287 27416 fusion_camera_detection_component.cc:271]  FusionCameraDetectionComponent::OnReceiveImage for frame id: 141
I0327 09:41:59.352896 27416 fusion_camera_detection_component.cc:336]  Response time of 141: 75.6228
I0327 09:41:59.376593 27420 fusion_camera_detection_component.cc:271]  FusionCameraDetectionComponent::OnReceiveImage for frame id: 142
I0327 09:41:59.451601 27420 fusion_camera_detection_component.cc:336]  Response time of 142: 75.0203
I0327 09:41:59.473556 27421 fusion_camera_detection_component.cc:271]  FusionCameraDetectionComponent::OnReceiveImage for frame id: 143
I0327 09:41:59.548306 27421 fusion_camera_detection_component.cc:336]  Response time of 143: 74.7628
I0327 09:41:59.569826 27423 fusion_camera_detection_component.cc:271]  FusionCameraDetectionComponent::OnReceiveImage for frame id: 144
I0327 09:41:59.644765 27423 fusion_camera_detection_component.cc:336]  Response time of 144: 74.9514
I0327 09:41:59.774763 27417 fusion_camera_detection_component.cc:271]  FusionCameraDetectionComponent::OnReceiveImage for frame id: 145
I0327 09:41:59.848558 27417 fusion_camera_detection_component.cc:336]  Response time of 145: 73.8092
I0327 09:41:59.848805 27417 fusion_camera_detection_component.cc:271]  FusionCameraDetectionComponent::OnReceiveImage for frame id: 146
I0327 09:41:59.924286 27417 fusion_camera_detection_component.cc:336]  Response time of 146: 75.4833
I0327 09:41:59.924536 27417 fusion_camera_detection_component.cc:271]  FusionCameraDetectionComponent::OnReceiveImage for frame id: 147
I0327 09:42:00.001487 27417 fusion_camera_detection_component.cc:336]  Response time of 147: 76.9518
I0327 09:42:00.001737 27417 fusion_camera_detection_component.cc:271]  FusionCameraDetectionComponent::OnReceiveImage for frame id: 148
I0327 09:42:00.076205 27417 fusion_camera_detection_component.cc:336]  Response time of 148: 74.4703
I0327 09:42:00.076452 27417 fusion_camera_detection_component.cc:271]  FusionCameraDetectionComponent::OnReceiveImage for frame id: 149
I0327 09:42:00.149549 27417 fusion_camera_detection_component.cc:336]  Response time of 149: 73.0998
I0327 09:42:00.169229 27422 fusion_camera_detection_component.cc:271]  FusionCameraDetectionComponent::OnReceiveImage for frame id: 150
I0327 09:42:00.244896 27422 fusion_camera_detection_component.cc:336]  Response time of 150: 75.6826
I0327 09:42:00.275768 27424 fusion_camera_detection_component.cc:271]  FusionCameraDetectionComponent::OnReceiveImage for frame id: 151
I0327 09:42:00.350337 27424 fusion_camera_detection_component.cc:336]  Response time of 151: 74.5787
I0327 09:42:00.367411 27418 fusion_camera_detection_component.cc:271]  FusionCameraDetectionComponent::OnReceiveImage for frame id: 152
I0327 09:42:00.441978 27418 fusion_camera_detection_component.cc:336]  Response time of 152: 74.5789
I0327 09:42:00.473599 27416 fusion_camera_detection_component.cc:271]  FusionCameraDetectionComponent::OnReceiveImage for frame id: 153
I0327 09:42:00.548691 27416 fusion_camera_detection_component.cc:336]  Response time of 153: 75.1079
I0327 09:42:00.570116 27420 fusion_camera_detection_component.cc:271]  FusionCameraDetectionComponent::OnReceiveImage for frame id: 154
I0327 09:42:00.644964 27420 fusion_camera_detection_component.cc:336]  Response time of 154: 74.8587
I0327 09:42:00.709789 27421 fusion_camera_detection_component.cc:271]  FusionCameraDetectionComponent::OnReceiveImage for frame id: 155
I0327 09:42:00.785475 27421 fusion_camera_detection_component.cc:336]  Response time of 155: 75.7032
I0327 09:42:00.785722 27421 fusion_camera_detection_component.cc:271]  FusionCameraDetectionComponent::OnReceiveImage for frame id: 156
I0327 09:42:00.860417 27421 fusion_camera_detection_component.cc:336]  Response time of 156: 74.697
I0327 09:42:00.891088 27414 fusion_camera_detection_component.cc:271]  FusionCameraDetectionComponent::OnReceiveImage for frame id: 157
I0327 09:42:00.969729 27414 fusion_camera_detection_component.cc:336]  Response time of 157: 78.6588
I0327 09:42:00.970472 27415 fusion_camera_detection_component.cc:271]  FusionCameraDetectionComponent::OnReceiveImage for frame id: 158
I0327 09:42:01.045099 27415 fusion_camera_detection_component.cc:336]  Response time of 158: 74.6336
I0327 09:42:01.075893 27419 fusion_camera_detection_component.cc:271]  FusionCameraDetectionComponent::OnReceiveImage for frame id: 159
I0327 09:42:01.151162 27419 fusion_camera_detection_component.cc:336]  Response time of 159: 75.2862
I0327 09:42:01.170891 27413 fusion_camera_detection_component.cc:271]  FusionCameraDetectionComponent::OnReceiveImage for frame id: 160
I0327 09:42:01.246284 27413 fusion_camera_detection_component.cc:336]  Response time of 160: 75.4082
I0327 09:42:01.292968 27417 fusion_camera_detection_component.cc:271]  FusionCameraDetectionComponent::OnReceiveImage for frame id: 161
I0327 09:42:01.368417 27417 fusion_camera_detection_component.cc:336]  Response time of 161: 75.4737
I0327 09:42:01.372509 27422 fusion_camera_detection_component.cc:271]  FusionCameraDetectionComponent::OnReceiveImage for frame id: 162
I0327 09:42:01.447983 27422 fusion_camera_detection_component.cc:336]  Response time of 162: 75.4872
I0327 09:42:01.490751 27424 fusion_camera_detection_component.cc:271]  FusionCameraDetectionComponent::OnReceiveImage for frame id: 163
I0327 09:42:01.566246 27424 fusion_camera_detection_component.cc:336]  Response time of 163: 75.5105
I0327 09:42:01.575487 27418 fusion_camera_detection_component.cc:271]  FusionCameraDetectionComponent::OnReceiveImage for frame id: 164
I0327 09:42:01.650645 27418 fusion_camera_detection_component.cc:336]  Response time of 164: 75.1756
I0327 09:42:01.761535 27416 fusion_camera_detection_component.cc:271]  FusionCameraDetectionComponent::OnReceiveImage for frame id: 165
I0327 09:42:01.844543 27416 fusion_camera_detection_component.cc:336]  Response time of 165: 83.0479
I0327 09:42:01.844781 27416 fusion_camera_detection_component.cc:271]  FusionCameraDetectionComponent::OnReceiveImage for frame id: 166
I0327 09:42:01.920559 27416 fusion_camera_detection_component.cc:336]  Response time of 166: 75.7801
I0327 09:42:01.920805 27416 fusion_camera_detection_component.cc:271]  FusionCameraDetectionComponent::OnReceiveImage for frame id: 167
I0327 09:42:01.999261 27416 fusion_camera_detection_component.cc:336]  Response time of 167: 78.4594
I0327 09:42:01.999506 27416 fusion_camera_detection_component.cc:271]  FusionCameraDetectionComponent::OnReceiveImage for frame id: 168
I0327 09:42:02.075495 27416 fusion_camera_detection_component.cc:336]  Response time of 168: 75.9901
I0327 09:42:02.075740 27416 fusion_camera_detection_component.cc:271]  FusionCameraDetectionComponent::OnReceiveImage for frame id: 169
I0327 09:42:02.150291 27416 fusion_camera_detection_component.cc:336]  Response time of 169: 74.5532
I0327 09:42:02.187641 27415 fusion_camera_detection_component.cc:271]  FusionCameraDetectionComponent::OnReceiveImage for frame id: 170
I0327 09:42:02.264149 27415 fusion_camera_detection_component.cc:336]  Response time of 170: 76.5291
I0327 09:42:02.271077 27419 fusion_camera_detection_component.cc:271]  FusionCameraDetectionComponent::OnReceiveImage for frame id: 171
I0327 09:42:02.346479 27419 fusion_camera_detection_component.cc:336]  Response time of 171: 75.4155
I0327 09:42:02.369200 27413 fusion_camera_detection_component.cc:271]  FusionCameraDetectionComponent::OnReceiveImage for frame id: 172
I0327 09:42:02.444456 27413 fusion_camera_detection_component.cc:336]  Response time of 172: 75.2702
I0327 09:42:02.475317 27417 fusion_camera_detection_component.cc:271]  FusionCameraDetectionComponent::OnReceiveImage for frame id: 173
I0327 09:42:02.548946 27417 fusion_camera_detection_component.cc:336]  Response time of 173: 73.6464
I0327 09:42:02.568349 27422 fusion_camera_detection_component.cc:271]  FusionCameraDetectionComponent::OnReceiveImage for frame id: 174
I0327 09:42:02.643308 27422 fusion_camera_detection_component.cc:336]  Response time of 174: 74.9763
I0327 09:42:02.776600 27424 fusion_camera_detection_component.cc:271]  FusionCameraDetectionComponent::OnReceiveImage for frame id: 175
I0327 09:42:02.851580 27424 fusion_camera_detection_component.cc:336]  Response time of 175: 74.9901
I0327 09:42:02.851822 27424 fusion_camera_detection_component.cc:271]  FusionCameraDetectionComponent::OnReceiveImage for frame id: 176
I0327 09:42:02.927544 27424 fusion_camera_detection_component.cc:336]  Response time of 176: 75.7247
I0327 09:42:02.927783 27424 fusion_camera_detection_component.cc:271]  FusionCameraDetectionComponent::OnReceiveImage for frame id: 177
I0327 09:42:03.006866 27424 fusion_camera_detection_component.cc:336]  Response time of 177: 79.0859
I0327 09:42:03.007105 27424 fusion_camera_detection_component.cc:271]  FusionCameraDetectionComponent::OnReceiveImage for frame id: 178
I0327 09:42:03.082460 27424 fusion_camera_detection_component.cc:336]  Response time of 178: 75.3565
I0327 09:42:03.082698 27424 fusion_camera_detection_component.cc:271]  FusionCameraDetectionComponent::OnReceiveImage for frame id: 179
I0327 09:42:03.157641 27424 fusion_camera_detection_component.cc:336]  Response time of 179: 74.9457
I0327 09:42:03.174485 27414 fusion_camera_detection_component.cc:271]  FusionCameraDetectionComponent::OnReceiveImage for frame id: 180
I0327 09:42:03.250047 27414 fusion_camera_detection_component.cc:336]  Response time of 180: 75.5768
I0327 09:42:03.276473 27416 fusion_camera_detection_component.cc:271]  FusionCameraDetectionComponent::OnReceiveImage for frame id: 181
I0327 09:42:03.352022 27416 fusion_camera_detection_component.cc:336]  Response time of 181: 75.5633
I0327 09:42:03.390998 27415 fusion_camera_detection_component.cc:271]  FusionCameraDetectionComponent::OnReceiveImage for frame id: 182
I0327 09:42:03.466931 27415 fusion_camera_detection_component.cc:336]  Response time of 182: 75.9479
I0327 09:42:03.470615 27419 fusion_camera_detection_component.cc:271]  FusionCameraDetectionComponent::OnReceiveImage for frame id: 183
I0327 09:42:03.546344 27419 fusion_camera_detection_component.cc:336]  Response time of 183: 75.7432
I0327 09:42:03.567909 27413 fusion_camera_detection_component.cc:271]  FusionCameraDetectionComponent::OnReceiveImage for frame id: 184
I0327 09:42:03.642971 27413 fusion_camera_detection_component.cc:336]  Response time of 184: 75.076
I0327 09:42:03.785631 27417 fusion_camera_detection_component.cc:271]  FusionCameraDetectionComponent::OnReceiveImage for frame id: 185
I0327 09:42:03.859220 27417 fusion_camera_detection_component.cc:336]  Response time of 185: 73.6043
I0327 09:42:03.859460 27417 fusion_camera_detection_component.cc:271]  FusionCameraDetectionComponent::OnReceiveImage for frame id: 186
I0327 09:42:03.932778 27417 fusion_camera_detection_component.cc:336]  Response time of 186: 73.3211
I0327 09:42:03.933017 27417 fusion_camera_detection_component.cc:271]  FusionCameraDetectionComponent::OnReceiveImage for frame id: 187
I0327 09:42:04.008502 27417 fusion_camera_detection_component.cc:336]  Response time of 187: 75.4877
I0327 09:42:04.008747 27417 fusion_camera_detection_component.cc:271]  FusionCameraDetectionComponent::OnReceiveImage for frame id: 188
I0327 09:42:04.082180 27417 fusion_camera_detection_component.cc:336]  Response time of 188: 73.4345
I0327 09:42:04.082422 27417 fusion_camera_detection_component.cc:271]  FusionCameraDetectionComponent::OnReceiveImage for frame id: 189
I0327 09:42:04.156414 27417 fusion_camera_detection_component.cc:336]  Response time of 189: 73.996
I0327 09:42:04.175335 27421 fusion_camera_detection_component.cc:271]  FusionCameraDetectionComponent::OnReceiveImage for frame id: 190
I0327 09:42:04.250035 27421 fusion_camera_detection_component.cc:336]  Response time of 190: 74.7156
I0327 09:42:04.267549 27424 fusion_camera_detection_component.cc:271]  FusionCameraDetectionComponent::OnReceiveImage for frame id: 191
I0327 09:42:04.342433 27424 fusion_camera_detection_component.cc:336]  Response time of 191: 74.8984
I0327 09:42:04.373021 27414 fusion_camera_detection_component.cc:271]  FusionCameraDetectionComponent::OnReceiveImage for frame id: 192
I0327 09:42:04.447937 27414 fusion_camera_detection_component.cc:336]  Response time of 192: 74.9262
I0327 09:42:04.473276 27416 fusion_camera_detection_component.cc:271]  FusionCameraDetectionComponent::OnReceiveImage for frame id: 193
I0327 09:42:04.548540 27416 fusion_camera_detection_component.cc:336]  Response time of 193: 75.2828
I0327 09:42:04.570178 27415 fusion_camera_detection_component.cc:271]  FusionCameraDetectionComponent::OnReceiveImage for frame id: 194
I0327 09:42:04.644811 27415 fusion_camera_detection_component.cc:336]  Response time of 194: 74.649
I0327 09:42:04.724433 27419 fusion_camera_detection_component.cc:271]  FusionCameraDetectionComponent::OnReceiveImage for frame id: 195
I0327 09:42:04.801981 27419 fusion_camera_detection_component.cc:336]  Response time of 195: 77.5731
I0327 09:42:04.802228 27419 fusion_camera_detection_component.cc:271]  FusionCameraDetectionComponent::OnReceiveImage for frame id: 196
I0327 09:42:04.877440 27419 fusion_camera_detection_component.cc:336]  Response time of 196: 75.2143
I0327 09:42:04.879226 27422 fusion_camera_detection_component.cc:271]  FusionCameraDetectionComponent::OnReceiveImage for frame id: 197
I0327 09:42:04.954387 27422 fusion_camera_detection_component.cc:336]  Response time of 197: 75.1738
I0327 09:42:04.976604 27418 fusion_camera_detection_component.cc:271]  FusionCameraDetectionComponent::OnReceiveImage for frame id: 198
I0327 09:42:05.051468 27418 fusion_camera_detection_component.cc:336]  Response time of 198: 74.8826
I0327 09:42:05.078405 27420 fusion_camera_detection_component.cc:271]  FusionCameraDetectionComponent::OnReceiveImage for frame id: 199
I0327 09:42:05.152972 27420 fusion_camera_detection_component.cc:336]  Response time of 199: 74.5834
I0327 09:42:05.169878 27423 fusion_camera_detection_component.cc:271]  FusionCameraDetectionComponent::OnReceiveImage for frame id: 200
I0327 09:42:05.244635 27423 fusion_camera_detection_component.cc:336]  Response time of 200: 74.7718
I0327 09:42:05.287585 27417 fusion_camera_detection_component.cc:271]  FusionCameraDetectionComponent::OnReceiveImage for frame id: 201
I0327 09:42:05.361856 27417 fusion_camera_detection_component.cc:336]  Response time of 201: 74.291
I0327 09:42:05.371405 27421 fusion_camera_detection_component.cc:271]  FusionCameraDetectionComponent::OnReceiveImage for frame id: 202
I0327 09:42:05.446218 27421 fusion_camera_detection_component.cc:336]  Response time of 202: 74.8239
I0327 09:42:05.485031 27424 fusion_camera_detection_component.cc:271]  FusionCameraDetectionComponent::OnReceiveImage for frame id: 203
I0327 09:42:05.560261 27424 fusion_camera_detection_component.cc:336]  Response time of 203: 75.2448
I0327 09:42:05.575078 27414 fusion_camera_detection_component.cc:271]  FusionCameraDetectionComponent::OnReceiveImage for frame id: 204
I0327 09:42:05.650106 27414 fusion_camera_detection_component.cc:336]  Response time of 204: 75.049
I0327 09:42:05.749332 27416 fusion_camera_detection_component.cc:271]  FusionCameraDetectionComponent::OnReceiveImage for frame id: 205
I0327 09:42:05.825192 27416 fusion_camera_detection_component.cc:336]  Response time of 205: 75.8767
I0327 09:42:05.865433 27415 fusion_camera_detection_component.cc:271]  FusionCameraDetectionComponent::OnReceiveImage for frame id: 206
I0327 09:42:05.941198 27415 fusion_camera_detection_component.cc:336]  Response time of 206: 75.7798
I0327 09:42:05.999588 27413 fusion_camera_detection_component.cc:271]  FusionCameraDetectionComponent::OnReceiveImage for frame id: 207
I0327 09:42:06.077147 27413 fusion_camera_detection_component.cc:336]  Response time of 207: 77.5798
W0327 09:42:06.077383 27413 channel_buffer.h:71]  channel[/apollo/sensor/camera/front_6mm/image] read buffer overflow, drop_message[1] pre_index[212] current_index[213] 
I0327 09:42:06.077395 27413 fusion_camera_detection_component.cc:271]  FusionCameraDetectionComponent::OnReceiveImage for frame id: 208
I0327 09:42:06.151854 27413 fusion_camera_detection_component.cc:336]  Response time of 208: 74.4575
I0327 09:42:06.240943 27418 fusion_camera_detection_component.cc:271]  FusionCameraDetectionComponent::OnReceiveImage for frame id: 209
I0327 09:42:06.317987 27418 fusion_camera_detection_component.cc:336]  Response time of 209: 77.0622
I0327 09:42:06.318225 27418 fusion_camera_detection_component.cc:271]  FusionCameraDetectionComponent::OnReceiveImage for frame id: 210
I0327 09:42:06.398056 27418 fusion_camera_detection_component.cc:336]  Response time of 210: 79.8316
I0327 09:42:06.398298 27418 fusion_camera_detection_component.cc:271]  FusionCameraDetectionComponent::OnReceiveImage for frame id: 211
I0327 09:42:06.473083 27418 fusion_camera_detection_component.cc:336]  Response time of 211: 74.7865
I0327 09:42:06.477792 27417 fusion_camera_detection_component.cc:271]  FusionCameraDetectionComponent::OnReceiveImage for frame id: 212
I0327 09:42:06.551275 27417 fusion_camera_detection_component.cc:336]  Response time of 212: 73.4957
I0327 09:42:06.567708 27421 fusion_camera_detection_component.cc:271]  FusionCameraDetectionComponent::OnReceiveImage for frame id: 213
I0327 09:42:06.643091 27421 fusion_camera_detection_component.cc:336]  Response time of 213: 75.394
I0327 09:42:06.746801 27424 fusion_camera_detection_component.cc:271]  FusionCameraDetectionComponent::OnReceiveImage for frame id: 214
I0327 09:42:06.822573 27424 fusion_camera_detection_component.cc:336]  Response time of 214: 75.7898
I0327 09:42:06.841919 27414 fusion_camera_detection_component.cc:271]  FusionCameraDetectionComponent::OnReceiveImage for frame id: 215
I0327 09:42:06.916743 27414 fusion_camera_detection_component.cc:336]  Response time of 215: 74.8354
I0327 09:42:06.916996 27414 fusion_camera_detection_component.cc:271]  FusionCameraDetectionComponent::OnReceiveImage for frame id: 216
I0327 09:42:06.993422 27414 fusion_camera_detection_component.cc:336]  Response time of 216: 76.4284
I0327 09:42:06.993664 27414 fusion_camera_detection_component.cc:271]  FusionCameraDetectionComponent::OnReceiveImage for frame id: 217
I0327 09:42:07.068799 27414 fusion_camera_detection_component.cc:336]  Response time of 217: 75.1371
I0327 09:42:07.071849 27419 fusion_camera_detection_component.cc:271]  FusionCameraDetectionComponent::OnReceiveImage for frame id: 218
I0327 09:42:07.146797 27419 fusion_camera_detection_component.cc:336]  Response time of 218: 74.9579
I0327 09:42:07.176626 27422 fusion_camera_detection_component.cc:271]  FusionCameraDetectionComponent::OnReceiveImage for frame id: 219
I0327 09:42:07.251963 27422 fusion_camera_detection_component.cc:336]  Response time of 219: 75.3514
I0327 09:42:07.278797 27413 fusion_camera_detection_component.cc:271]  FusionCameraDetectionComponent::OnReceiveImage for frame id: 220
I0327 09:42:07.353945 27413 fusion_camera_detection_component.cc:336]  Response time of 220: 75.1594
I0327 09:42:07.367424 27420 fusion_camera_detection_component.cc:271]  FusionCameraDetectionComponent::OnReceiveImage for frame id: 221
I0327 09:42:07.442772 27420 fusion_camera_detection_component.cc:336]  Response time of 221: 75.36
I0327 09:42:07.476253 27423 fusion_camera_detection_component.cc:271]  FusionCameraDetectionComponent::OnReceiveImage for frame id: 222
I0327 09:42:07.551229 27423 fusion_camera_detection_component.cc:336]  Response time of 222: 74.9989
I0327 09:42:07.575196 27418 fusion_camera_detection_component.cc:271]  FusionCameraDetectionComponent::OnReceiveImage for frame id: 223
I0327 09:42:07.650038 27418 fusion_camera_detection_component.cc:336]  Response time of 223: 74.8609
I0327 09:42:07.705720 27417 fusion_camera_detection_component.cc:271]  FusionCameraDetectionComponent::OnReceiveImage for frame id: 224
I0327 09:42:07.780251 27417 fusion_camera_detection_component.cc:336]  Response time of 224: 74.5455
I0327 09:42:07.780486 27417 fusion_camera_detection_component.cc:271]  FusionCameraDetectionComponent::OnReceiveImage for frame id: 225
I0327 09:42:07.853633 27417 fusion_camera_detection_component.cc:336]  Response time of 225: 73.1493
I0327 09:42:07.895999 27424 fusion_camera_detection_component.cc:271]  FusionCameraDetectionComponent::OnReceiveImage for frame id: 226
I0327 09:42:07.971031 27424 fusion_camera_detection_component.cc:336]  Response time of 226: 75.0471
I0327 09:42:07.976840 27416 fusion_camera_detection_component.cc:271]  FusionCameraDetectionComponent::OnReceiveImage for frame id: 227
I0327 09:42:08.054457 27416 fusion_camera_detection_component.cc:336]  Response time of 227: 77.6304
I0327 09:42:08.067503 27415 fusion_camera_detection_component.cc:271]  FusionCameraDetectionComponent::OnReceiveImage for frame id: 228
I0327 09:42:08.142715 27415 fusion_camera_detection_component.cc:336]  Response time of 228: 75.2268
I0327 09:42:08.193114 27414 fusion_camera_detection_component.cc:271]  FusionCameraDetectionComponent::OnReceiveImage for frame id: 229
I0327 09:42:08.268342 27414 fusion_camera_detection_component.cc:336]  Response time of 229: 75.2413
I0327 09:42:08.271227 27419 fusion_camera_detection_component.cc:271]  FusionCameraDetectionComponent::OnReceiveImage for frame id: 230
I0327 09:42:08.346865 27419 fusion_camera_detection_component.cc:336]  Response time of 230: 75.6481
I0327 09:42:08.371152 27422 fusion_camera_detection_component.cc:271]  FusionCameraDetectionComponent::OnReceiveImage for frame id: 231
I0327 09:42:08.446722 27422 fusion_camera_detection_component.cc:336]  Response time of 231: 75.5819
I0327 09:42:08.473769 27413 fusion_camera_detection_component.cc:271]  FusionCameraDetectionComponent::OnReceiveImage for frame id: 232
I0327 09:42:08.549237 27413 fusion_camera_detection_component.cc:336]  Response time of 232: 75.4796
I0327 09:42:08.576156 27420 fusion_camera_detection_component.cc:271]  FusionCameraDetectionComponent::OnReceiveImage for frame id: 233
I0327 09:42:08.651065 27420 fusion_camera_detection_component.cc:336]  Response time of 233: 74.925
I0327 09:42:08.767817 27423 fusion_camera_detection_component.cc:271]  FusionCameraDetectionComponent::OnReceiveImage for frame id: 234
I0327 09:42:08.844451 27423 fusion_camera_detection_component.cc:336]  Response time of 234: 76.6436
I0327 09:42:08.845460 27418 fusion_camera_detection_component.cc:271]  FusionCameraDetectionComponent::OnReceiveImage for frame id: 235
I0327 09:42:08.920243 27418 fusion_camera_detection_component.cc:336]  Response time of 235: 74.7928
I0327 09:42:08.920483 27418 fusion_camera_detection_component.cc:271]  FusionCameraDetectionComponent::OnReceiveImage for frame id: 236
I0327 09:42:08.998827 27418 fusion_camera_detection_component.cc:336]  Response time of 236: 78.3455
I0327 09:42:08.999071 27418 fusion_camera_detection_component.cc:271]  FusionCameraDetectionComponent::OnReceiveImage for frame id: 237
I0327 09:42:09.075248 27418 fusion_camera_detection_component.cc:336]  Response time of 237: 76.1784
I0327 09:42:09.075485 27418 fusion_camera_detection_component.cc:271]  FusionCameraDetectionComponent::OnReceiveImage for frame id: 238
I0327 09:42:09.150243 27418 fusion_camera_detection_component.cc:336]  Response time of 238: 74.7601
I0327 09:42:09.177780 27416 fusion_camera_detection_component.cc:271]  FusionCameraDetectionComponent::OnReceiveImage for frame id: 239
I0327 09:42:09.252979 27416 fusion_camera_detection_component.cc:336]  Response time of 239: 75.2144
I0327 09:42:09.273509 27415 fusion_camera_detection_component.cc:271]  FusionCameraDetectionComponent::OnReceiveImage for frame id: 240
I0327 09:42:09.348677 27415 fusion_camera_detection_component.cc:336]  Response time of 240: 75.1826
I0327 09:42:09.403164 27414 fusion_camera_detection_component.cc:271]  FusionCameraDetectionComponent::OnReceiveImage for frame id: 241
I0327 09:42:09.478677 27414 fusion_camera_detection_component.cc:336]  Response time of 241: 75.5279
I0327 09:42:09.478922 27414 fusion_camera_detection_component.cc:271]  FusionCameraDetectionComponent::OnReceiveImage for frame id: 242
I0327 09:42:09.553714 27414 fusion_camera_detection_component.cc:336]  Response time of 242: 74.7911
I0327 09:42:09.568876 27422 fusion_camera_detection_component.cc:271]  FusionCameraDetectionComponent::OnReceiveImage for frame id: 243
I0327 09:42:09.644912 27422 fusion_camera_detection_component.cc:336]  Response time of 243: 76.0529
I0327 09:42:09.746140 27413 fusion_camera_detection_component.cc:271]  FusionCameraDetectionComponent::OnReceiveImage for frame id: 244
I0327 09:42:09.821283 27413 fusion_camera_detection_component.cc:336]  Response time of 244: 75.16
I0327 09:42:09.821540 27413 fusion_camera_detection_component.cc:271]  FusionCameraDetectionComponent::OnReceiveImage for frame id: 245
I0327 09:42:09.897545 27413 fusion_camera_detection_component.cc:336]  Response time of 245: 76.0078
I0327 09:42:09.897788 27413 fusion_camera_detection_component.cc:271]  FusionCameraDetectionComponent::OnReceiveImage for frame id: 246
I0327 09:42:09.973805 27413 fusion_camera_detection_component.cc:336]  Response time of 246: 76.021
I0327 09:42:09.975343 27421 fusion_camera_detection_component.cc:271]  FusionCameraDetectionComponent::OnReceiveImage for frame id: 247
I0327 09:42:10.052973 27421 fusion_camera_detection_component.cc:336]  Response time of 247: 77.6377
I0327 09:42:10.073933 27417 fusion_camera_detection_component.cc:271]  FusionCameraDetectionComponent::OnReceiveImage for frame id: 248
I0327 09:42:10.147382 27417 fusion_camera_detection_component.cc:336]  Response time of 248: 73.4646
I0327 09:42:10.172387 27424 fusion_camera_detection_component.cc:271]  FusionCameraDetectionComponent::OnReceiveImage for frame id: 249
I0327 09:42:10.247858 27424 fusion_camera_detection_component.cc:336]  Response time of 249: 75.4854
I0327 09:42:10.270388 27418 fusion_camera_detection_component.cc:271]  FusionCameraDetectionComponent::OnReceiveImage for frame id: 250
I0327 09:42:10.345746 27418 fusion_camera_detection_component.cc:336]  Response time of 250: 75.372
I0327 09:42:10.393028 27416 fusion_camera_detection_component.cc:271]  FusionCameraDetectionComponent::OnReceiveImage for frame id: 251
I0327 09:42:10.470063 27416 fusion_camera_detection_component.cc:336]  Response time of 251: 77.0629
I0327 09:42:10.472952 27415 fusion_camera_detection_component.cc:271]  FusionCameraDetectionComponent::OnReceiveImage for frame id: 252
I0327 09:42:10.548372 27415 fusion_camera_detection_component.cc:336]  Response time of 252: 75.4288
I0327 09:42:10.574268 27419 fusion_camera_detection_component.cc:271]  FusionCameraDetectionComponent::OnReceiveImage for frame id: 253
I0327 09:42:10.649611 27419 fusion_camera_detection_component.cc:336]  Response time of 253: 75.3611
I0327 09:42:10.767732 27414 fusion_camera_detection_component.cc:271]  FusionCameraDetectionComponent::OnReceiveImage for frame id: 254
I0327 09:42:10.843695 27414 fusion_camera_detection_component.cc:336]  Response time of 254: 75.976
I0327 09:42:10.843952 27414 fusion_camera_detection_component.cc:271]  FusionCameraDetectionComponent::OnReceiveImage for frame id: 255
I0327 09:42:10.918983 27414 fusion_camera_detection_component.cc:336]  Response time of 255: 75.0335
I0327 09:42:10.919225 27414 fusion_camera_detection_component.cc:271]  FusionCameraDetectionComponent::OnReceiveImage for frame id: 256
I0327 09:42:10.995537 27414 fusion_camera_detection_component.cc:336]  Response time of 256: 76.3132
I0327 09:42:10.995779 27414 fusion_camera_detection_component.cc:271]  FusionCameraDetectionComponent::OnReceiveImage for frame id: 257
I0327 09:42:11.074796 27414 fusion_camera_detection_component.cc:336]  Response time of 257: 79.0194
I0327 09:42:11.076869 27413 fusion_camera_detection_component.cc:271]  FusionCameraDetectionComponent::OnReceiveImage for frame id: 258
I0327 09:42:11.151937 27413 fusion_camera_detection_component.cc:336]  Response time of 258: 75.078
I0327 09:42:11.171221 27421 fusion_camera_detection_component.cc:271]  FusionCameraDetectionComponent::OnReceiveImage for frame id: 259
I0327 09:42:11.246551 27421 fusion_camera_detection_component.cc:336]  Response time of 259: 75.3441
I0327 09:42:11.270251 27417 fusion_camera_detection_component.cc:271]  FusionCameraDetectionComponent::OnReceiveImage for frame id: 260
I0327 09:42:11.343793 27417 fusion_camera_detection_component.cc:336]  Response time of 260: 73.5566
I0327 09:42:11.374789 27424 fusion_camera_detection_component.cc:271]  FusionCameraDetectionComponent::OnReceiveImage for frame id: 261
I0327 09:42:11.450316 27424 fusion_camera_detection_component.cc:336]  Response time of 261: 75.545
I0327 09:42:11.469885 27418 fusion_camera_detection_component.cc:271]  FusionCameraDetectionComponent::OnReceiveImage for frame id: 262
I0327 09:42:11.545573 27418 fusion_camera_detection_component.cc:336]  Response time of 262: 75.708
I0327 09:42:11.578702 27416 fusion_camera_detection_component.cc:271]  FusionCameraDetectionComponent::OnReceiveImage for frame id: 263
I0327 09:42:11.653594 27416 fusion_camera_detection_component.cc:336]  Response time of 263: 74.9073
I0327 09:42:11.743887 27415 fusion_camera_detection_component.cc:271]  FusionCameraDetectionComponent::OnReceiveImage for frame id: 264
I0327 09:42:11.819730 27415 fusion_camera_detection_component.cc:336]  Response time of 264: 75.8609
I0327 09:42:11.819964 27415 fusion_camera_detection_component.cc:271]  FusionCameraDetectionComponent::OnReceiveImage for frame id: 265
I0327 09:42:11.894943 27415 fusion_camera_detection_component.cc:336]  Response time of 265: 74.9805
I0327 09:42:11.895192 27415 fusion_camera_detection_component.cc:271]  FusionCameraDetectionComponent::OnReceiveImage for frame id: 266
I0327 09:42:11.970645 27415 fusion_camera_detection_component.cc:336]  Response time of 266: 75.4557
I0327 09:42:11.974134 27420 fusion_camera_detection_component.cc:271]  FusionCameraDetectionComponent::OnReceiveImage for frame id: 267
I0327 09:42:12.051201 27420 fusion_camera_detection_component.cc:336]  Response time of 267: 77.0777
I0327 09:42:12.075331 27423 fusion_camera_detection_component.cc:271]  FusionCameraDetectionComponent::OnReceiveImage for frame id: 268
I0327 09:42:12.150867 27423 fusion_camera_detection_component.cc:336]  Response time of 268: 75.5481
I0327 09:42:12.183727 27414 fusion_camera_detection_component.cc:271]  FusionCameraDetectionComponent::OnReceiveImage for frame id: 269
I0327 09:42:12.260778 27414 fusion_camera_detection_component.cc:336]  Response time of 269: 77.0701
I0327 09:42:12.270923 27413 fusion_camera_detection_component.cc:271]  FusionCameraDetectionComponent::OnReceiveImage for frame id: 270
I0327 09:42:12.346164 27413 fusion_camera_detection_component.cc:336]  Response time of 270: 75.258
I0327 09:42:12.374166 27421 fusion_camera_detection_component.cc:271]  FusionCameraDetectionComponent::OnReceiveImage for frame id: 271
I0327 09:42:12.449612 27421 fusion_camera_detection_component.cc:336]  Response time of 271: 75.4615
I0327 09:42:12.477380 27417 fusion_camera_detection_component.cc:271]  FusionCameraDetectionComponent::OnReceiveImage for frame id: 272
I0327 09:42:12.551414 27417 fusion_camera_detection_component.cc:336]  Response time of 272: 74.0491
I0327 09:42:12.571501 27424 fusion_camera_detection_component.cc:271]  FusionCameraDetectionComponent::OnReceiveImage for frame id: 273
I0327 09:42:12.647469 27424 fusion_camera_detection_component.cc:336]  Response time of 273: 75.9825
I0327 09:42:12.739310 27418 fusion_camera_detection_component.cc:271]  FusionCameraDetectionComponent::OnReceiveImage for frame id: 274
I0327 09:42:12.815049 27418 fusion_camera_detection_component.cc:336]  Response time of 274: 75.7616
I0327 09:42:12.815292 27418 fusion_camera_detection_component.cc:271]  FusionCameraDetectionComponent::OnReceiveImage for frame id: 275
I0327 09:42:12.890367 27418 fusion_camera_detection_component.cc:336]  Response time of 275: 75.0756
I0327 09:42:12.890601 27418 fusion_camera_detection_component.cc:271]  FusionCameraDetectionComponent::OnReceiveImage for frame id: 276
I0327 09:42:12.966027 27418 fusion_camera_detection_component.cc:336]  Response time of 276: 75.4271
I0327 09:42:12.967800 27422 fusion_camera_detection_component.cc:271]  FusionCameraDetectionComponent::OnReceiveImage for frame id: 277
I0327 09:42:13.043661 27422 fusion_camera_detection_component.cc:336]  Response time of 277: 75.8733
I0327 09:42:13.073807 27415 fusion_camera_detection_component.cc:271]  FusionCameraDetectionComponent::OnReceiveImage for frame id: 278
I0327 09:42:13.149560 27415 fusion_camera_detection_component.cc:336]  Response time of 278: 75.7677
I0327 09:42:13.176051 27420 fusion_camera_detection_component.cc:271]  FusionCameraDetectionComponent::OnReceiveImage for frame id: 279
I0327 09:42:13.251895 27420 fusion_camera_detection_component.cc:336]  Response time of 279: 75.8556
I0327 09:42:13.272423 27423 fusion_camera_detection_component.cc:271]  FusionCameraDetectionComponent::OnReceiveImage for frame id: 280
I0327 09:42:13.347520 27423 fusion_camera_detection_component.cc:336]  Response time of 280: 75.1086
I0327 09:42:13.397053 27414 fusion_camera_detection_component.cc:271]  FusionCameraDetectionComponent::OnReceiveImage for frame id: 281
I0327 09:42:13.473453 27414 fusion_camera_detection_component.cc:336]  Response time of 281: 76.4157
I0327 09:42:13.478329 27413 fusion_camera_detection_component.cc:271]  FusionCameraDetectionComponent::OnReceiveImage for frame id: 282
I0327 09:42:13.553727 27413 fusion_camera_detection_component.cc:336]  Response time of 282: 75.4122
I0327 09:42:13.575074 27421 fusion_camera_detection_component.cc:271]  FusionCameraDetectionComponent::OnReceiveImage for frame id: 283
I0327 09:42:13.650280 27421 fusion_camera_detection_component.cc:336]  Response time of 283: 75.2217
I0327 09:42:13.741668 27417 fusion_camera_detection_component.cc:271]  FusionCameraDetectionComponent::OnReceiveImage for frame id: 284
I0327 09:42:13.815493 27417 fusion_camera_detection_component.cc:336]  Response time of 284: 73.8396
I0327 09:42:13.815740 27417 fusion_camera_detection_component.cc:271]  FusionCameraDetectionComponent::OnReceiveImage for frame id: 285
I0327 09:42:13.892947 27417 fusion_camera_detection_component.cc:336]  Response time of 285: 77.2087
I0327 09:42:13.893194 27417 fusion_camera_detection_component.cc:271]  FusionCameraDetectionComponent::OnReceiveImage for frame id: 286
I0327 09:42:13.967456 27417 fusion_camera_detection_component.cc:336]  Response time of 286: 74.2637
I0327 09:42:13.977038 27419 fusion_camera_detection_component.cc:271]  FusionCameraDetectionComponent::OnReceiveImage for frame id: 287
I0327 09:42:14.052362 27419 fusion_camera_detection_component.cc:336]  Response time of 287: 75.3412
I0327 09:42:14.071192 27418 fusion_camera_detection_component.cc:271]  FusionCameraDetectionComponent::OnReceiveImage for frame id: 288
I0327 09:42:14.146082 27418 fusion_camera_detection_component.cc:336]  Response time of 288: 74.904
I0327 09:42:14.173095 27422 fusion_camera_detection_component.cc:271]  FusionCameraDetectionComponent::OnReceiveImage for frame id: 289
I0327 09:42:14.248021 27422 fusion_camera_detection_component.cc:336]  Response time of 289: 74.9406
I0327 09:42:14.298120 27415 fusion_camera_detection_component.cc:271]  FusionCameraDetectionComponent::OnReceiveImage for frame id: 290
I0327 09:42:14.373468 27415 fusion_camera_detection_component.cc:336]  Response time of 290: 75.3632
I0327 09:42:14.373713 27415 fusion_camera_detection_component.cc:271]  FusionCameraDetectionComponent::OnReceiveImage for frame id: 291
I0327 09:42:14.448983 27415 fusion_camera_detection_component.cc:336]  Response time of 291: 75.2728
I0327 09:42:14.470309 27423 fusion_camera_detection_component.cc:271]  FusionCameraDetectionComponent::OnReceiveImage for frame id: 292
I0327 09:42:14.545161 27423 fusion_camera_detection_component.cc:336]  Response time of 292: 74.8658
I0327 09:42:14.569772 27414 fusion_camera_detection_component.cc:271]  FusionCameraDetectionComponent::OnReceiveImage for frame id: 293
I0327 09:42:14.644341 27414 fusion_camera_detection_component.cc:336]  Response time of 293: 74.5841
I0327 09:42:14.682345 27413 fusion_camera_detection_component.cc:271]  FusionCameraDetectionComponent::OnReceiveImage for frame id: 294
I0327 09:42:14.757549 27413 fusion_camera_detection_component.cc:336]  Response time of 294: 75.2161
I0327 09:42:14.782428 27421 fusion_camera_detection_component.cc:271]  FusionCameraDetectionComponent::OnReceiveImage for frame id: 295
I0327 09:42:14.857851 27421 fusion_camera_detection_component.cc:336]  Response time of 295: 75.4388
I0327 09:42:14.873219 27424 fusion_camera_detection_component.cc:271]  FusionCameraDetectionComponent::OnReceiveImage for frame id: 296
I0327 09:42:14.948604 27424 fusion_camera_detection_component.cc:336]  Response time of 296: 75.4031
I0327 09:42:14.990340 27416 fusion_camera_detection_component.cc:271]  FusionCameraDetectionComponent::OnReceiveImage for frame id: 297
I0327 09:42:15.067497 27416 fusion_camera_detection_component.cc:336]  Response time of 297: 77.1844
I0327 09:42:15.075657 27417 fusion_camera_detection_component.cc:271]  FusionCameraDetectionComponent::OnReceiveImage for frame id: 298
I0327 09:42:15.149193 27417 fusion_camera_detection_component.cc:336]  Response time of 298: 73.5499
I0327 09:42:15.173032 27419 fusion_camera_detection_component.cc:271]  FusionCameraDetectionComponent::OnReceiveImage for frame id: 299
I0327 09:42:15.248001 27419 fusion_camera_detection_component.cc:336]  Response time of 299: 74.9804
I0327 09:42:15.310549 27418 fusion_camera_detection_component.cc:271]  FusionCameraDetectionComponent::OnReceiveImage for frame id: 300
I0327 09:42:15.386729 27418 fusion_camera_detection_component.cc:336]  Response time of 300: 76.2059
I0327 09:42:15.386965 27418 fusion_camera_detection_component.cc:271]  FusionCameraDetectionComponent::OnReceiveImage for frame id: 301
I0327 09:42:15.462039 27418 fusion_camera_detection_component.cc:336]  Response time of 301: 75.0759
I0327 09:42:15.476394 27420 fusion_camera_detection_component.cc:271]  FusionCameraDetectionComponent::OnReceiveImage for frame id: 302
I0327 09:42:15.551645 27420 fusion_camera_detection_component.cc:336]  Response time of 302: 75.2672
I0327 09:42:15.577037 27415 fusion_camera_detection_component.cc:271]  FusionCameraDetectionComponent::OnReceiveImage for frame id: 303
I0327 09:42:15.652734 27415 fusion_camera_detection_component.cc:336]  Response time of 303: 75.7103
I0327 09:42:15.720934 27423 fusion_camera_detection_component.cc:271]  FusionCameraDetectionComponent::OnReceiveImage for frame id: 304
I0327 09:42:15.796321 27423 fusion_camera_detection_component.cc:336]  Response time of 304: 75.4023
I0327 09:42:15.796566 27423 fusion_camera_detection_component.cc:271]  FusionCameraDetectionComponent::OnReceiveImage for frame id: 305
I0327 09:42:15.872040 27423 fusion_camera_detection_component.cc:336]  Response time of 305: 75.4756
I0327 09:42:15.875640 27413 fusion_camera_detection_component.cc:271]  FusionCameraDetectionComponent::OnReceiveImage for frame id: 306
I0327 09:42:15.951135 27413 fusion_camera_detection_component.cc:336]  Response time of 306: 75.5078
I0327 09:42:15.974357 27421 fusion_camera_detection_component.cc:271]  FusionCameraDetectionComponent::OnReceiveImage for frame id: 307
I0327 09:42:16.051156 27421 fusion_camera_detection_component.cc:336]  Response time of 307: 76.8117
I0327 09:42:16.053210 27424 fusion_camera_detection_component.cc:250]  Will shutdown.
