Log file created at: 2019/04/20 11:30:51
Running on machine: in_dev_docker
Log line format: [IWEF]mmdd hh:mm:ss.uuuuuu threadid file:line] msg
I0420 11:30:51.849836  5829 lidar_obstacle_tracking.cc:81]  Lidar Tracking: 0.606244
I0420 11:30:51.849861  5829 lidar_obstacle_tracking.cc:91]  Lidar Classifier: 0.020308
I0420 11:30:51.919314  5832 lidar_obstacle_tracking.cc:81]  Lidar Tracking: 1.28568
I0420 11:30:51.919355  5832 lidar_obstacle_tracking.cc:91]  Lidar Classifier: 0.02801
I0420 11:30:52.054538  5825 lidar_obstacle_tracking.cc:81]  Lidar Tracking: 1.12614
I0420 11:30:52.054574  5825 lidar_obstacle_tracking.cc:91]  Lidar Classifier: 0.025015
I0420 11:30:52.116981  5831 lidar_obstacle_tracking.cc:81]  Lidar Tracking: 0.993537
I0420 11:30:52.117007  5831 lidar_obstacle_tracking.cc:91]  Lidar Classifier: 0.020801
I0420 11:30:52.261988  5822 lidar_obstacle_tracking.cc:81]  Lidar Tracking: 1.0622
I0420 11:30:52.262019  5822 lidar_obstacle_tracking.cc:91]  Lidar Classifier: 0.024001
I0420 11:30:52.346729  5824 lidar_obstacle_tracking.cc:81]  Lidar Tracking: 0.942386
I0420 11:30:52.346756  5824 lidar_obstacle_tracking.cc:91]  Lidar Classifier: 0.01926
I0420 11:30:52.414786  5829 lidar_obstacle_tracking.cc:81]  Lidar Tracking: 0.749011
I0420 11:30:52.414813  5829 lidar_obstacle_tracking.cc:91]  Lidar Classifier: 0.0186
I0420 11:30:52.556942  5833 lidar_obstacle_tracking.cc:81]  Lidar Tracking: 0.952088
I0420 11:30:52.556975  5833 lidar_obstacle_tracking.cc:91]  Lidar Classifier: 0.022211
I0420 11:30:52.616668  5824 lidar_obstacle_tracking.cc:81]  Lidar Tracking: 1.17953
I0420 11:30:52.616698  5824 lidar_obstacle_tracking.cc:91]  Lidar Classifier: 0.02033
I0420 11:30:52.744071  5830 lidar_obstacle_tracking.cc:81]  Lidar Tracking: 1.09187
I0420 11:30:52.744107  5830 lidar_obstacle_tracking.cc:91]  Lidar Classifier: 0.023681
I0420 11:30:52.820878  5822 lidar_obstacle_tracking.cc:81]  Lidar Tracking: 1.09076
I0420 11:30:52.820909  5822 lidar_obstacle_tracking.cc:91]  Lidar Classifier: 0.023259
I0420 11:30:52.927580  5826 lidar_obstacle_tracking.cc:81]  Lidar Tracking: 1.21314
I0420 11:30:52.927611  5826 lidar_obstacle_tracking.cc:91]  Lidar Classifier: 0.02164
I0420 11:30:53.061689  5830 lidar_obstacle_tracking.cc:81]  Lidar Tracking: 1.23026
I0420 11:30:53.061725  5830 lidar_obstacle_tracking.cc:91]  Lidar Classifier: 0.025238
I0420 11:30:53.115726  5822 lidar_obstacle_tracking.cc:81]  Lidar Tracking: 1.28217
I0420 11:30:53.115775  5822 lidar_obstacle_tracking.cc:91]  Lidar Classifier: 0.036211
I0420 11:30:53.234871  5825 lidar_obstacle_tracking.cc:81]  Lidar Tracking: 1.18399
I0420 11:30:53.234901  5825 lidar_obstacle_tracking.cc:91]  Lidar Classifier: 0.022926
I0420 11:30:53.347715  5828 lidar_obstacle_tracking.cc:81]  Lidar Tracking: 1.08864
I0420 11:30:53.347743  5828 lidar_obstacle_tracking.cc:91]  Lidar Classifier: 0.020252
I0420 11:30:53.416080  5823 lidar_obstacle_tracking.cc:81]  Lidar Tracking: 1.26473
I0420 11:30:53.416112  5823 lidar_obstacle_tracking.cc:91]  Lidar Classifier: 0.023292
I0420 11:30:53.533572  5826 lidar_obstacle_tracking.cc:81]  Lidar Tracking: 1.13237
I0420 11:30:53.533598  5826 lidar_obstacle_tracking.cc:91]  Lidar Classifier: 0.02058
I0420 11:30:53.632333  5831 lidar_obstacle_tracking.cc:81]  Lidar Tracking: 1.58721
I0420 11:30:53.632365  5831 lidar_obstacle_tracking.cc:91]  Lidar Classifier: 0.022877
I0420 11:30:53.728351  5833 lidar_obstacle_tracking.cc:81]  Lidar Tracking: 1.53053
I0420 11:30:53.728384  5833 lidar_obstacle_tracking.cc:91]  Lidar Classifier: 0.02522
I0420 11:30:53.831192  5827 lidar_obstacle_tracking.cc:81]  Lidar Tracking: 1.65026
I0420 11:30:53.831239  5827 lidar_obstacle_tracking.cc:91]  Lidar Classifier: 0.032385
I0420 11:30:53.962841  5830 lidar_obstacle_tracking.cc:81]  Lidar Tracking: 1.96538
I0420 11:30:53.962874  5830 lidar_obstacle_tracking.cc:91]  Lidar Classifier: 0.027122
I0420 11:30:54.019914  5832 lidar_obstacle_tracking.cc:81]  Lidar Tracking: 1.50957
I0420 11:30:54.019948  5832 lidar_obstacle_tracking.cc:91]  Lidar Classifier: 0.025574
I0420 11:30:54.152417  5824 lidar_obstacle_tracking.cc:81]  Lidar Tracking: 2.39313
I0420 11:30:54.152456  5824 lidar_obstacle_tracking.cc:91]  Lidar Classifier: 0.029092
I0420 11:30:54.216787  5828 lidar_obstacle_tracking.cc:81]  Lidar Tracking: 1.54429
I0420 11:30:54.216816  5828 lidar_obstacle_tracking.cc:91]  Lidar Classifier: 0.022658
I0420 11:30:54.331723  5823 lidar_obstacle_tracking.cc:81]  Lidar Tracking: 2.20811
I0420 11:30:54.331760  5823 lidar_obstacle_tracking.cc:91]  Lidar Classifier: 0.02975
I0420 11:30:54.438028  5825 lidar_obstacle_tracking.cc:81]  Lidar Tracking: 1.59592
I0420 11:30:54.438057  5825 lidar_obstacle_tracking.cc:91]  Lidar Classifier: 0.023172
I0420 11:30:54.538676  5831 lidar_obstacle_tracking.cc:81]  Lidar Tracking: 1.62178
I0420 11:30:54.538705  5831 lidar_obstacle_tracking.cc:91]  Lidar Classifier: 0.024017
I0420 11:30:54.655931  5832 lidar_obstacle_tracking.cc:81]  Lidar Tracking: 2.06517
I0420 11:30:54.655972  5832 lidar_obstacle_tracking.cc:91]  Lidar Classifier: 0.029528
I0420 11:30:54.764690  5827 lidar_obstacle_tracking.cc:81]  Lidar Tracking: 3.28308
I0420 11:30:54.764734  5827 lidar_obstacle_tracking.cc:91]  Lidar Classifier: 0.035975
I0420 11:30:54.817715  5829 lidar_obstacle_tracking.cc:81]  Lidar Tracking: 1.78621
I0420 11:30:54.817747  5829 lidar_obstacle_tracking.cc:91]  Lidar Classifier: 0.025573
I0420 11:30:54.973729  5833 lidar_obstacle_tracking.cc:81]  Lidar Tracking: 2.84658
I0420 11:30:54.973765  5833 lidar_obstacle_tracking.cc:91]  Lidar Classifier: 0.029975
I0420 11:30:55.018121  5827 lidar_obstacle_tracking.cc:81]  Lidar Tracking: 2.87035
I0420 11:30:55.018158  5827 lidar_obstacle_tracking.cc:91]  Lidar Classifier: 0.02911
I0420 11:30:55.149659  5830 lidar_obstacle_tracking.cc:81]  Lidar Tracking: 2.25222
I0420 11:30:55.149695  5830 lidar_obstacle_tracking.cc:91]  Lidar Classifier: 0.028549
I0420 11:30:55.247177  5822 lidar_obstacle_tracking.cc:81]  Lidar Tracking: 2.01534
I0420 11:30:55.247208  5822 lidar_obstacle_tracking.cc:91]  Lidar Classifier: 0.025039
I0420 11:30:55.345232  5824 lidar_obstacle_tracking.cc:81]  Lidar Tracking: 2.73252
I0420 11:30:55.345273  5824 lidar_obstacle_tracking.cc:91]  Lidar Classifier: 0.033163
I0420 11:30:55.453590  5828 lidar_obstacle_tracking.cc:81]  Lidar Tracking: 2.14093
I0420 11:30:55.453622  5828 lidar_obstacle_tracking.cc:91]  Lidar Classifier: 0.027115
I0420 11:30:55.515744  5833 lidar_obstacle_tracking.cc:81]  Lidar Tracking: 1.91843
I0420 11:30:55.515775  5833 lidar_obstacle_tracking.cc:91]  Lidar Classifier: 0.025746
I0420 11:30:55.659238  5825 lidar_obstacle_tracking.cc:81]  Lidar Tracking: 2.1736
I0420 11:30:55.659271  5825 lidar_obstacle_tracking.cc:91]  Lidar Classifier: 0.0264
I0420 11:30:55.716877  5831 lidar_obstacle_tracking.cc:81]  Lidar Tracking: 1.96791
I0420 11:30:55.716912  5831 lidar_obstacle_tracking.cc:91]  Lidar Classifier: 0.026291
I0420 11:30:55.858786  5823 lidar_obstacle_tracking.cc:81]  Lidar Tracking: 2.63825
I0420 11:30:55.858824  5823 lidar_obstacle_tracking.cc:91]  Lidar Classifier: 0.029377
I0420 11:30:55.915977  5827 lidar_obstacle_tracking.cc:81]  Lidar Tracking: 2.141
I0420 11:30:55.916010  5827 lidar_obstacle_tracking.cc:91]  Lidar Classifier: 0.027212
I0420 11:30:56.046747  5828 lidar_obstacle_tracking.cc:81]  Lidar Tracking: 2.45866
I0420 11:30:56.046782  5828 lidar_obstacle_tracking.cc:91]  Lidar Classifier: 0.028264
I0420 11:30:56.123754  5833 lidar_obstacle_tracking.cc:81]  Lidar Tracking: 2.96808
I0420 11:30:56.123800  5833 lidar_obstacle_tracking.cc:91]  Lidar Classifier: 0.035456
I0420 11:30:56.238917  5824 lidar_obstacle_tracking.cc:81]  Lidar Tracking: 2.5844
I0420 11:30:56.238951  5824 lidar_obstacle_tracking.cc:91]  Lidar Classifier: 0.028467
I0420 11:30:56.335811  5830 lidar_obstacle_tracking.cc:81]  Lidar Tracking: 3.42138
I0420 11:30:56.335860  5830 lidar_obstacle_tracking.cc:91]  Lidar Classifier: 0.038286
I0420 11:30:56.429117  5822 lidar_obstacle_tracking.cc:81]  Lidar Tracking: 2.52107
I0420 11:30:56.429154  5822 lidar_obstacle_tracking.cc:91]  Lidar Classifier: 0.028097
I0420 11:30:56.535343  5827 lidar_obstacle_tracking.cc:81]  Lidar Tracking: 2.60112
I0420 11:30:56.535383  5827 lidar_obstacle_tracking.cc:91]  Lidar Classifier: 0.03091
I0420 11:30:56.666934  5828 lidar_obstacle_tracking.cc:81]  Lidar Tracking: 3.3227
I0420 11:30:56.666975  5828 lidar_obstacle_tracking.cc:91]  Lidar Classifier: 0.03323
I0420 11:30:56.717023  5822 lidar_obstacle_tracking.cc:81]  Lidar Tracking: 2.10183
I0420 11:30:56.717061  5822 lidar_obstacle_tracking.cc:91]  Lidar Classifier: 0.028222
I0420 11:30:56.858738  5824 lidar_obstacle_tracking.cc:81]  Lidar Tracking: 2.83563
I0420 11:30:56.858783  5824 lidar_obstacle_tracking.cc:91]  Lidar Classifier: 0.032088
I0420 11:30:56.917390  5829 lidar_obstacle_tracking.cc:81]  Lidar Tracking: 2.11775
I0420 11:30:56.917426  5829 lidar_obstacle_tracking.cc:91]  Lidar Classifier: 0.030179
I0420 11:30:57.064888  5833 lidar_obstacle_tracking.cc:81]  Lidar Tracking: 2.78121
I0420 11:30:57.064925  5833 lidar_obstacle_tracking.cc:91]  Lidar Classifier: 0.02864
I0420 11:30:57.117923  5825 lidar_obstacle_tracking.cc:81]  Lidar Tracking: 2.15061
I0420 11:30:57.117955  5825 lidar_obstacle_tracking.cc:91]  Lidar Classifier: 0.027132
I0420 11:30:57.245666  5831 lidar_obstacle_tracking.cc:81]  Lidar Tracking: 2.60644
I0420 11:30:57.245707  5831 lidar_obstacle_tracking.cc:91]  Lidar Classifier: 0.031423
I0420 11:30:57.327870  5832 lidar_obstacle_tracking.cc:81]  Lidar Tracking: 3.30746
I0420 11:30:57.327927  5832 lidar_obstacle_tracking.cc:91]  Lidar Classifier: 0.048609
I0420 11:30:57.420527  5826 lidar_obstacle_tracking.cc:81]  Lidar Tracking: 2.4922
I0420 11:30:57.420560  5826 lidar_obstacle_tracking.cc:91]  Lidar Classifier: 0.027778
I0420 11:30:57.566622  5829 lidar_obstacle_tracking.cc:81]  Lidar Tracking: 3.2954
I0420 11:30:57.566669  5829 lidar_obstacle_tracking.cc:91]  Lidar Classifier: 0.036948
I0420 11:30:57.619392  5823 lidar_obstacle_tracking.cc:81]  Lidar Tracking: 2.80306
I0420 11:30:57.619426  5823 lidar_obstacle_tracking.cc:91]  Lidar Classifier: 0.028088
I0420 11:30:57.745407  5826 lidar_obstacle_tracking.cc:81]  Lidar Tracking: 2.92636
I0420 11:30:57.745443  5826 lidar_obstacle_tracking.cc:91]  Lidar Classifier: 0.029176
I0420 11:30:57.821360  5830 lidar_obstacle_tracking.cc:81]  Lidar Tracking: 2.26912
I0420 11:30:57.821398  5830 lidar_obstacle_tracking.cc:91]  Lidar Classifier: 0.028257
I0420 11:30:57.958761  5833 lidar_obstacle_tracking.cc:81]  Lidar Tracking: 3.99562
I0420 11:30:57.958807  5833 lidar_obstacle_tracking.cc:91]  Lidar Classifier: 0.038264
I0420 11:30:58.048084  5824 lidar_obstacle_tracking.cc:81]  Lidar Tracking: 2.41496
I0420 11:30:58.048120  5824 lidar_obstacle_tracking.cc:91]  Lidar Classifier: 0.029381
I0420 11:30:58.121620  5828 lidar_obstacle_tracking.cc:81]  Lidar Tracking: 2.66342
I0420 11:30:58.121655  5828 lidar_obstacle_tracking.cc:91]  Lidar Classifier: 0.028457
I0420 11:30:58.265872  5822 lidar_obstacle_tracking.cc:81]  Lidar Tracking: 3.80858
I0420 11:30:58.265910  5822 lidar_obstacle_tracking.cc:91]  Lidar Classifier: 0.032057
I0420 11:30:58.320127  5825 lidar_obstacle_tracking.cc:81]  Lidar Tracking: 2.61433
I0420 11:30:58.320158  5825 lidar_obstacle_tracking.cc:91]  Lidar Classifier: 0.024884
I0420 11:30:58.461169  5829 lidar_obstacle_tracking.cc:81]  Lidar Tracking: 4.21556
I0420 11:30:58.461212  5829 lidar_obstacle_tracking.cc:91]  Lidar Classifier: 0.035202
I0420 11:30:58.562480  5833 lidar_obstacle_tracking.cc:81]  Lidar Tracking: 3.14863
I0420 11:30:58.562518  5833 lidar_obstacle_tracking.cc:91]  Lidar Classifier: 0.030243
I0420 11:30:58.618016  5824 lidar_obstacle_tracking.cc:81]  Lidar Tracking: 2.96424
I0420 11:30:58.618048  5824 lidar_obstacle_tracking.cc:91]  Lidar Classifier: 0.027186
I0420 11:30:58.762058  5830 lidar_obstacle_tracking.cc:81]  Lidar Tracking: 3.42461
I0420 11:30:58.762094  5830 lidar_obstacle_tracking.cc:91]  Lidar Classifier: 0.029098
I0420 11:30:58.817462  5833 lidar_obstacle_tracking.cc:81]  Lidar Tracking: 2.0728
I0420 11:30:58.817495  5833 lidar_obstacle_tracking.cc:91]  Lidar Classifier: 0.02725
I0420 11:30:58.964808  5825 lidar_obstacle_tracking.cc:81]  Lidar Tracking: 3.49749
I0420 11:30:58.964851  5825 lidar_obstacle_tracking.cc:91]  Lidar Classifier: 0.031726
I0420 11:30:59.017940  5831 lidar_obstacle_tracking.cc:81]  Lidar Tracking: 1.96523
I0420 11:30:59.017972  5831 lidar_obstacle_tracking.cc:91]  Lidar Classifier: 0.025718
I0420 11:30:59.161789  5833 lidar_obstacle_tracking.cc:81]  Lidar Tracking: 3.27918
I0420 11:30:59.161819  5833 lidar_obstacle_tracking.cc:91]  Lidar Classifier: 0.024082
I0420 11:30:59.216936  5827 lidar_obstacle_tracking.cc:81]  Lidar Tracking: 2.13133
I0420 11:30:59.216967  5827 lidar_obstacle_tracking.cc:91]  Lidar Classifier: 0.025359
I0420 11:30:59.353684  5828 lidar_obstacle_tracking.cc:81]  Lidar Tracking: 2.42155
I0420 11:30:59.353718  5828 lidar_obstacle_tracking.cc:91]  Lidar Classifier: 0.027827
I0420 11:30:59.416342  5832 lidar_obstacle_tracking.cc:81]  Lidar Tracking: 1.6073
I0420 11:30:59.416371  5832 lidar_obstacle_tracking.cc:91]  Lidar Classifier: 0.02265
I0420 11:30:59.536387  5824 lidar_obstacle_tracking.cc:81]  Lidar Tracking: 3.07971
I0420 11:30:59.536427  5824 lidar_obstacle_tracking.cc:91]  Lidar Classifier: 0.03248
I0420 11:30:59.628458  5829 lidar_obstacle_tracking.cc:81]  Lidar Tracking: 1.8279
I0420 11:30:59.628489  5829 lidar_obstacle_tracking.cc:91]  Lidar Classifier: 0.024829
I0420 11:30:59.743883  5822 lidar_obstacle_tracking.cc:81]  Lidar Tracking: 3.03901
I0420 11:30:59.743926  5822 lidar_obstacle_tracking.cc:91]  Lidar Classifier: 0.033493
I0420 11:30:59.821085  5826 lidar_obstacle_tracking.cc:81]  Lidar Tracking: 1.87207
I0420 11:30:59.821121  5826 lidar_obstacle_tracking.cc:91]  Lidar Classifier: 0.027058
I0420 11:30:59.948096  5831 lidar_obstacle_tracking.cc:81]  Lidar Tracking: 1.98619
I0420 11:30:59.948129  5831 lidar_obstacle_tracking.cc:91]  Lidar Classifier: 0.02503
I0420 11:31:00.014647  5832 lidar_obstacle_tracking.cc:81]  Lidar Tracking: 1.71641
I0420 11:31:00.014675  5832 lidar_obstacle_tracking.cc:91]  Lidar Classifier: 0.022153
I0420 11:31:00.125404  5825 lidar_obstacle_tracking.cc:81]  Lidar Tracking: 2.55374
I0420 11:31:00.125442  5825 lidar_obstacle_tracking.cc:91]  Lidar Classifier: 0.027528
I0420 11:31:00.214862  5828 lidar_obstacle_tracking.cc:81]  Lidar Tracking: 1.53072
I0420 11:31:00.214893  5828 lidar_obstacle_tracking.cc:91]  Lidar Classifier: 0.024248
I0420 11:31:00.332501  5822 lidar_obstacle_tracking.cc:81]  Lidar Tracking: 2.02226
I0420 11:31:00.332538  5822 lidar_obstacle_tracking.cc:91]  Lidar Classifier: 0.027253
I0420 11:31:00.434577  5824 lidar_obstacle_tracking.cc:81]  Lidar Tracking: 2.74616
I0420 11:31:00.434626  5824 lidar_obstacle_tracking.cc:91]  Lidar Classifier: 0.038538
I0420 11:31:00.531385  5829 lidar_obstacle_tracking.cc:81]  Lidar Tracking: 1.50848
I0420 11:31:00.531417  5829 lidar_obstacle_tracking.cc:91]  Lidar Classifier: 0.02604
I0420 11:31:00.637259  5822 lidar_obstacle_tracking.cc:81]  Lidar Tracking: 2.4291
I0420 11:31:00.637298  5822 lidar_obstacle_tracking.cc:91]  Lidar Classifier: 0.031235
I0420 11:31:00.741844  5827 lidar_obstacle_tracking.cc:81]  Lidar Tracking: 2.51092
I0420 11:31:00.741879  5827 lidar_obstacle_tracking.cc:91]  Lidar Classifier: 0.025199
I0420 11:31:00.822221  5830 lidar_obstacle_tracking.cc:81]  Lidar Tracking: 2.47908
I0420 11:31:00.822263  5830 lidar_obstacle_tracking.cc:91]  Lidar Classifier: 0.032442
I0420 11:31:00.930253  5823 lidar_obstacle_tracking.cc:81]  Lidar Tracking: 1.69968
I0420 11:31:00.930286  5823 lidar_obstacle_tracking.cc:91]  Lidar Classifier: 0.025403
I0420 11:31:01.024572  5826 lidar_obstacle_tracking.cc:81]  Lidar Tracking: 2.54219
I0420 11:31:01.024614  5826 lidar_obstacle_tracking.cc:91]  Lidar Classifier: 0.033192
I0420 11:31:01.129488  5831 lidar_obstacle_tracking.cc:81]  Lidar Tracking: 1.77264
I0420 11:31:01.129523  5831 lidar_obstacle_tracking.cc:91]  Lidar Classifier: 0.027107
I0420 11:31:01.247020  5832 lidar_obstacle_tracking.cc:81]  Lidar Tracking: 2.99407
I0420 11:31:01.247069  5832 lidar_obstacle_tracking.cc:91]  Lidar Classifier: 0.035659
I0420 11:31:01.327311  5826 lidar_obstacle_tracking.cc:81]  Lidar Tracking: 2.18337
I0420 11:31:01.327353  5826 lidar_obstacle_tracking.cc:91]  Lidar Classifier: 0.029964
I0420 11:31:01.449708  5829 lidar_obstacle_tracking.cc:81]  Lidar Tracking: 2.54545
I0420 11:31:01.449756  5829 lidar_obstacle_tracking.cc:91]  Lidar Classifier: 0.039708
I0420 11:31:01.523708  5833 lidar_obstacle_tracking.cc:81]  Lidar Tracking: 2.46945
I0420 11:31:01.523749  5833 lidar_obstacle_tracking.cc:91]  Lidar Classifier: 0.032719
I0420 11:31:01.641265  5827 lidar_obstacle_tracking.cc:81]  Lidar Tracking: 1.92642
I0420 11:31:01.641295  5827 lidar_obstacle_tracking.cc:91]  Lidar Classifier: 0.023872
I0420 11:31:01.728127  5830 lidar_obstacle_tracking.cc:81]  Lidar Tracking: 2.4644
I0420 11:31:01.728168  5830 lidar_obstacle_tracking.cc:91]  Lidar Classifier: 0.034024
I0420 11:31:01.850754  5822 lidar_obstacle_tracking.cc:81]  Lidar Tracking: 2.93174
I0420 11:31:01.850796  5822 lidar_obstacle_tracking.cc:91]  Lidar Classifier: 0.03529
I0420 11:31:01.922700  5824 lidar_obstacle_tracking.cc:81]  Lidar Tracking: 2.83802
I0420 11:31:01.922744  5824 lidar_obstacle_tracking.cc:91]  Lidar Classifier: 0.034057
I0420 11:31:02.060668  5831 lidar_obstacle_tracking.cc:81]  Lidar Tracking: 3.40827
I0420 11:31:02.060715  5831 lidar_obstacle_tracking.cc:91]  Lidar Classifier: 0.03822
I0420 11:31:02.118048  5823 lidar_obstacle_tracking.cc:81]  Lidar Tracking: 2.03237
I0420 11:31:02.118084  5823 lidar_obstacle_tracking.cc:91]  Lidar Classifier: 0.027247
I0420 11:31:02.244765  5826 lidar_obstacle_tracking.cc:81]  Lidar Tracking: 2.7491
I0420 11:31:02.244809  5826 lidar_obstacle_tracking.cc:91]  Lidar Classifier: 0.034978
I0420 11:31:02.319000  5829 lidar_obstacle_tracking.cc:81]  Lidar Tracking: 2.41348
I0420 11:31:02.319051  5829 lidar_obstacle_tracking.cc:91]  Lidar Classifier: 0.037138
I0420 11:31:02.443122  5833 lidar_obstacle_tracking.cc:81]  Lidar Tracking: 2.14761
I0420 11:31:02.443156  5833 lidar_obstacle_tracking.cc:91]  Lidar Classifier: 0.027911
I0420 11:31:02.519752  5825 lidar_obstacle_tracking.cc:81]  Lidar Tracking: 1.89714
I0420 11:31:02.519783  5825 lidar_obstacle_tracking.cc:91]  Lidar Classifier: 0.026131
I0420 11:31:02.635100  5830 lidar_obstacle_tracking.cc:81]  Lidar Tracking: 3.06278
I0420 11:31:02.635140  5830 lidar_obstacle_tracking.cc:91]  Lidar Classifier: 0.032627
I0420 11:31:02.719965  5822 lidar_obstacle_tracking.cc:81]  Lidar Tracking: 1.79576
I0420 11:31:02.720000  5822 lidar_obstacle_tracking.cc:91]  Lidar Classifier: 0.027237
I0420 11:31:02.823020  5827 lidar_obstacle_tracking.cc:81]  Lidar Tracking: 2.18112
I0420 11:31:02.823053  5827 lidar_obstacle_tracking.cc:91]  Lidar Classifier: 0.025653
I0420 11:31:02.952082  5831 lidar_obstacle_tracking.cc:81]  Lidar Tracking: 3.00755
I0420 11:31:02.952127  5831 lidar_obstacle_tracking.cc:91]  Lidar Classifier: 0.035059
I0420 11:31:03.020795  5832 lidar_obstacle_tracking.cc:81]  Lidar Tracking: 2.26507
I0420 11:31:03.020838  5832 lidar_obstacle_tracking.cc:91]  Lidar Classifier: 0.032798
I0420 11:31:03.127140  5826 lidar_obstacle_tracking.cc:81]  Lidar Tracking: 2.16845
I0420 11:31:03.127177  5826 lidar_obstacle_tracking.cc:91]  Lidar Classifier: 0.029809
I0420 11:31:03.247097  5829 lidar_obstacle_tracking.cc:81]  Lidar Tracking: 3.08613
I0420 11:31:03.247146  5829 lidar_obstacle_tracking.cc:91]  Lidar Classifier: 0.039412
I0420 11:31:03.326298  5823 lidar_obstacle_tracking.cc:81]  Lidar Tracking: 2.98606
I0420 11:31:03.326349  5823 lidar_obstacle_tracking.cc:91]  Lidar Classifier: 0.036416
I0420 11:31:03.423564  5825 lidar_obstacle_tracking.cc:81]  Lidar Tracking: 1.89031
I0420 11:31:03.423599  5825 lidar_obstacle_tracking.cc:91]  Lidar Classifier: 0.025769
I0420 11:31:03.543138  5831 lidar_obstacle_tracking.cc:81]  Lidar Tracking: 3.24626
I0420 11:31:03.543180  5831 lidar_obstacle_tracking.cc:91]  Lidar Classifier: 0.031807
I0420 11:31:03.621335  5833 lidar_obstacle_tracking.cc:81]  Lidar Tracking: 2.87525
I0420 11:31:03.621398  5833 lidar_obstacle_tracking.cc:91]  Lidar Classifier: 0.049386
I0420 11:31:03.753844  5824 lidar_obstacle_tracking.cc:81]  Lidar Tracking: 2.73264
I0420 11:31:03.753878  5824 lidar_obstacle_tracking.cc:91]  Lidar Classifier: 0.028981
I0420 11:31:03.815626  5828 lidar_obstacle_tracking.cc:81]  Lidar Tracking: 1.99173
I0420 11:31:03.815662  5828 lidar_obstacle_tracking.cc:91]  Lidar Classifier: 0.027315
I0420 11:31:03.955404  5822 lidar_obstacle_tracking.cc:81]  Lidar Tracking: 3.22259
I0420 11:31:03.955456  5822 lidar_obstacle_tracking.cc:91]  Lidar Classifier: 0.037964
I0420 11:31:04.020701  5824 lidar_obstacle_tracking.cc:81]  Lidar Tracking: 3.59314
I0420 11:31:04.020781  5824 lidar_obstacle_tracking.cc:91]  Lidar Classifier: 0.059789
I0420 11:31:04.120563  5831 lidar_obstacle_tracking.cc:81]  Lidar Tracking: 2.01084
I0420 11:31:04.120594  5831 lidar_obstacle_tracking.cc:91]  Lidar Classifier: 0.025071
I0420 11:31:04.237975  5823 lidar_obstacle_tracking.cc:81]  Lidar Tracking: 2.16926
I0420 11:31:04.238008  5823 lidar_obstacle_tracking.cc:91]  Lidar Classifier: 0.0264
I0420 11:31:04.320540  5825 lidar_obstacle_tracking.cc:81]  Lidar Tracking: 2.12367
I0420 11:31:04.320578  5825 lidar_obstacle_tracking.cc:91]  Lidar Classifier: 0.02896
I0420 11:31:04.422631  5830 lidar_obstacle_tracking.cc:81]  Lidar Tracking: 1.94003
I0420 11:31:04.422668  5830 lidar_obstacle_tracking.cc:91]  Lidar Classifier: 0.029242
I0420 11:31:04.535297  5833 lidar_obstacle_tracking.cc:81]  Lidar Tracking: 2.08027
I0420 11:31:04.535338  5833 lidar_obstacle_tracking.cc:91]  Lidar Classifier: 0.032485
I0420 11:31:04.615131  5824 lidar_obstacle_tracking.cc:81]  Lidar Tracking: 2.14375
I0420 11:31:04.615164  5824 lidar_obstacle_tracking.cc:91]  Lidar Classifier: 0.026724
I0420 11:31:04.734354  5828 lidar_obstacle_tracking.cc:81]  Lidar Tracking: 2.23804
I0420 11:31:04.734390  5828 lidar_obstacle_tracking.cc:91]  Lidar Classifier: 0.028746
I0420 11:31:04.834456  5832 lidar_obstacle_tracking.cc:81]  Lidar Tracking: 3.21577
I0420 11:31:04.834499  5832 lidar_obstacle_tracking.cc:91]  Lidar Classifier: 0.034943
I0420 11:31:04.944006  5826 lidar_obstacle_tracking.cc:81]  Lidar Tracking: 3.43837
I0420 11:31:04.944048  5826 lidar_obstacle_tracking.cc:91]  Lidar Classifier: 0.034104
I0420 11:31:05.029742  5829 lidar_obstacle_tracking.cc:81]  Lidar Tracking: 3.25575
I0420 11:31:05.029793  5829 lidar_obstacle_tracking.cc:91]  Lidar Classifier: 0.0363
I0420 11:31:05.135869  5822 lidar_obstacle_tracking.cc:81]  Lidar Tracking: 2.97777
I0420 11:31:05.135916  5822 lidar_obstacle_tracking.cc:91]  Lidar Classifier: 0.036715
I0420 11:31:05.245791  5826 lidar_obstacle_tracking.cc:81]  Lidar Tracking: 3.09
I0420 11:31:05.245842  5826 lidar_obstacle_tracking.cc:91]  Lidar Classifier: 0.042278
I0420 11:31:05.321162  5831 lidar_obstacle_tracking.cc:81]  Lidar Tracking: 2.48215
I0420 11:31:05.321202  5831 lidar_obstacle_tracking.cc:91]  Lidar Classifier: 0.03041
I0420 11:31:05.446172  5823 lidar_obstacle_tracking.cc:81]  Lidar Tracking: 2.96582
I0420 11:31:05.446214  5823 lidar_obstacle_tracking.cc:91]  Lidar Classifier: 0.031767
I0420 11:31:05.516883  5825 lidar_obstacle_tracking.cc:81]  Lidar Tracking: 2.26331
I0420 11:31:05.516914  5825 lidar_obstacle_tracking.cc:91]  Lidar Classifier: 0.026037
I0420 11:31:05.660725  5828 lidar_obstacle_tracking.cc:81]  Lidar Tracking: 4.09024
I0420 11:31:05.660784  5828 lidar_obstacle_tracking.cc:91]  Lidar Classifier: 0.047481
I0420 11:31:05.717641  5833 lidar_obstacle_tracking.cc:81]  Lidar Tracking: 2.55101
I0420 11:31:05.717676  5833 lidar_obstacle_tracking.cc:91]  Lidar Classifier: 0.029646
I0420 11:31:05.854655  5825 lidar_obstacle_tracking.cc:81]  Lidar Tracking: 3.52146
I0420 11:31:05.854688  5825 lidar_obstacle_tracking.cc:91]  Lidar Classifier: 0.027966
I0420 11:31:05.917762  5829 lidar_obstacle_tracking.cc:81]  Lidar Tracking: 3.30612
I0420 11:31:05.917814  5829 lidar_obstacle_tracking.cc:91]  Lidar Classifier: 0.039117
I0420 11:31:06.058259  5823 lidar_obstacle_tracking.cc:81]  Lidar Tracking: 3.77065
I0420 11:31:06.058302  5823 lidar_obstacle_tracking.cc:91]  Lidar Classifier: 0.030944
I0420 11:31:06.116183  5824 lidar_obstacle_tracking.cc:81]  Lidar Tracking: 2.3837
I0420 11:31:06.116214  5824 lidar_obstacle_tracking.cc:91]  Lidar Classifier: 0.025908
I0420 11:31:06.231739  5829 lidar_obstacle_tracking.cc:81]  Lidar Tracking: 3.43967
I0420 11:31:06.231784  5829 lidar_obstacle_tracking.cc:91]  Lidar Classifier: 0.035806
I0420 11:31:06.337103  5823 lidar_obstacle_tracking.cc:81]  Lidar Tracking: 3.0331
I0420 11:31:06.337144  5823 lidar_obstacle_tracking.cc:91]  Lidar Classifier: 0.031093
I0420 11:31:06.426697  5827 lidar_obstacle_tracking.cc:81]  Lidar Tracking: 3.24642
I0420 11:31:06.426733  5827 lidar_obstacle_tracking.cc:91]  Lidar Classifier: 0.027204
I0420 11:31:06.547720  5829 lidar_obstacle_tracking.cc:81]  Lidar Tracking: 4.06874
I0420 11:31:06.547772  5829 lidar_obstacle_tracking.cc:91]  Lidar Classifier: 0.039308
I0420 11:31:06.624523  5832 lidar_obstacle_tracking.cc:81]  Lidar Tracking: 3.0918
I0420 11:31:06.624559  5832 lidar_obstacle_tracking.cc:91]  Lidar Classifier: 0.029524
I0420 11:31:06.757463  5825 lidar_obstacle_tracking.cc:81]  Lidar Tracking: 3.04415
I0420 11:31:06.757505  5825 lidar_obstacle_tracking.cc:91]  Lidar Classifier: 0.032693
I0420 11:31:06.817517  5829 lidar_obstacle_tracking.cc:81]  Lidar Tracking: 3.04666
I0420 11:31:06.817569  5829 lidar_obstacle_tracking.cc:91]  Lidar Classifier: 0.038898
I0420 11:31:06.961482  5833 lidar_obstacle_tracking.cc:81]  Lidar Tracking: 3.34518
I0420 11:31:06.961527  5833 lidar_obstacle_tracking.cc:91]  Lidar Classifier: 0.033809
I0420 11:31:07.016507  5827 lidar_obstacle_tracking.cc:81]  Lidar Tracking: 2.5358
I0420 11:31:07.016538  5827 lidar_obstacle_tracking.cc:91]  Lidar Classifier: 0.024833
I0420 11:31:07.136799  5831 lidar_obstacle_tracking.cc:81]  Lidar Tracking: 3.16111
I0420 11:31:07.136842  5831 lidar_obstacle_tracking.cc:91]  Lidar Classifier: 0.030336
I0420 11:31:07.230799  5822 lidar_obstacle_tracking.cc:81]  Lidar Tracking: 3.2231
I0420 11:31:07.230851  5822 lidar_obstacle_tracking.cc:91]  Lidar Classifier: 0.037512
I0420 11:31:07.349622  5826 lidar_obstacle_tracking.cc:81]  Lidar Tracking: 3.25918
I0420 11:31:07.349666  5826 lidar_obstacle_tracking.cc:91]  Lidar Classifier: 0.033299
I0420 11:31:07.429630  5831 lidar_obstacle_tracking.cc:81]  Lidar Tracking: 3.93785
I0420 11:31:07.429685  5831 lidar_obstacle_tracking.cc:91]  Lidar Classifier: 0.043071
I0420 11:31:07.564755  5833 lidar_obstacle_tracking.cc:81]  Lidar Tracking: 4.08352
I0420 11:31:07.564802  5833 lidar_obstacle_tracking.cc:91]  Lidar Classifier: 0.035036
I0420 11:31:07.618335  5826 lidar_obstacle_tracking.cc:81]  Lidar Tracking: 2.24378
I0420 11:31:07.618368  5826 lidar_obstacle_tracking.cc:91]  Lidar Classifier: 0.026809
I0420 11:31:07.733428  5828 lidar_obstacle_tracking.cc:81]  Lidar Tracking: 2.47519
I0420 11:31:07.733459  5828 lidar_obstacle_tracking.cc:91]  Lidar Classifier: 0.026411
I0420 11:31:07.825634  5832 lidar_obstacle_tracking.cc:81]  Lidar Tracking: 2.28938
I0420 11:31:07.825671  5832 lidar_obstacle_tracking.cc:91]  Lidar Classifier: 0.02713
I0420 11:31:07.945435  5827 lidar_obstacle_tracking.cc:81]  Lidar Tracking: 2.8408
I0420 11:31:07.945464  5827 lidar_obstacle_tracking.cc:91]  Lidar Classifier: 0.024268
I0420 11:31:08.019639  5830 lidar_obstacle_tracking.cc:81]  Lidar Tracking: 2.90735
I0420 11:31:08.019686  5830 lidar_obstacle_tracking.cc:91]  Lidar Classifier: 0.034269
I0420 11:31:08.140796  5822 lidar_obstacle_tracking.cc:81]  Lidar Tracking: 2.42006
I0420 11:31:08.140830  5822 lidar_obstacle_tracking.cc:91]  Lidar Classifier: 0.024729
I0420 11:31:08.227355  5825 lidar_obstacle_tracking.cc:81]  Lidar Tracking: 3.0827
I0420 11:31:08.227403  5825 lidar_obstacle_tracking.cc:91]  Lidar Classifier: 0.034609
I0420 11:31:08.339215  5828 lidar_obstacle_tracking.cc:81]  Lidar Tracking: 2.75508
I0420 11:31:08.339248  5828 lidar_obstacle_tracking.cc:91]  Lidar Classifier: 0.026001
I0420 11:31:08.422937  5832 lidar_obstacle_tracking.cc:81]  Lidar Tracking: 2.39285
I0420 11:31:08.422976  5832 lidar_obstacle_tracking.cc:91]  Lidar Classifier: 0.02722
I0420 11:31:08.544055  5826 lidar_obstacle_tracking.cc:81]  Lidar Tracking: 3.55066
I0420 11:31:08.544101  5826 lidar_obstacle_tracking.cc:91]  Lidar Classifier: 0.035985
I0420 11:31:08.631625  5831 lidar_obstacle_tracking.cc:81]  Lidar Tracking: 3.32867
I0420 11:31:08.631664  5831 lidar_obstacle_tracking.cc:91]  Lidar Classifier: 0.030207
I0420 11:31:08.741803  5823 lidar_obstacle_tracking.cc:81]  Lidar Tracking: 2.61494
I0420 11:31:08.741842  5823 lidar_obstacle_tracking.cc:91]  Lidar Classifier: 0.028443
I0420 11:31:08.821440  5824 lidar_obstacle_tracking.cc:81]  Lidar Tracking: 3.08474
I0420 11:31:08.821477  5824 lidar_obstacle_tracking.cc:91]  Lidar Classifier: 0.027451
I0420 11:31:08.938110  5829 lidar_obstacle_tracking.cc:81]  Lidar Tracking: 2.78772
I0420 11:31:08.938144  5829 lidar_obstacle_tracking.cc:91]  Lidar Classifier: 0.026362
I0420 11:31:09.032838  5822 lidar_obstacle_tracking.cc:81]  Lidar Tracking: 3.78395
I0420 11:31:09.032876  5822 lidar_obstacle_tracking.cc:91]  Lidar Classifier: 0.030432
I0420 11:31:09.137146  5827 lidar_obstacle_tracking.cc:81]  Lidar Tracking: 2.30079
I0420 11:31:09.137174  5827 lidar_obstacle_tracking.cc:91]  Lidar Classifier: 0.021599
I0420 11:31:09.226760  5828 lidar_obstacle_tracking.cc:81]  Lidar Tracking: 2.27029
I0420 11:31:09.226791  5828 lidar_obstacle_tracking.cc:91]  Lidar Classifier: 0.025505
I0420 11:31:09.320320  5833 lidar_obstacle_tracking.cc:81]  Lidar Tracking: 2.56946
I0420 11:31:09.320355  5833 lidar_obstacle_tracking.cc:91]  Lidar Classifier: 0.025923
I0420 11:31:09.455026  5825 lidar_obstacle_tracking.cc:81]  Lidar Tracking: 3.92778
I0420 11:31:09.455060  5825 lidar_obstacle_tracking.cc:91]  Lidar Classifier: 0.026744
I0420 11:31:09.523026  5829 lidar_obstacle_tracking.cc:81]  Lidar Tracking: 3.61198
I0420 11:31:09.523066  5829 lidar_obstacle_tracking.cc:91]  Lidar Classifier: 0.028251
I0420 11:31:09.647162  5832 lidar_obstacle_tracking.cc:81]  Lidar Tracking: 2.75357
I0420 11:31:09.647192  5832 lidar_obstacle_tracking.cc:91]  Lidar Classifier: 0.023361
I0420 11:31:09.722084  5824 lidar_obstacle_tracking.cc:81]  Lidar Tracking: 2.61846
I0420 11:31:09.722113  5824 lidar_obstacle_tracking.cc:91]  Lidar Classifier: 0.023237
I0420 11:31:09.838551  5828 lidar_obstacle_tracking.cc:81]  Lidar Tracking: 3.08273
I0420 11:31:09.838582  5828 lidar_obstacle_tracking.cc:91]  Lidar Classifier: 0.02377
I0420 11:31:09.921195  5823 lidar_obstacle_tracking.cc:81]  Lidar Tracking: 3.01432
I0420 11:31:09.921226  5823 lidar_obstacle_tracking.cc:91]  Lidar Classifier: 0.023358
I0420 11:31:10.067494  5824 lidar_obstacle_tracking.cc:81]  Lidar Tracking: 4.22181
I0420 11:31:10.067530  5824 lidar_obstacle_tracking.cc:91]  Lidar Classifier: 0.029147
I0420 11:31:10.118515  5831 lidar_obstacle_tracking.cc:81]  Lidar Tracking: 3.01888
I0420 11:31:10.118543  5831 lidar_obstacle_tracking.cc:91]  Lidar Classifier: 0.021727
I0420 11:31:10.258877  5833 lidar_obstacle_tracking.cc:81]  Lidar Tracking: 4.54574
I0420 11:31:10.258920  5833 lidar_obstacle_tracking.cc:91]  Lidar Classifier: 0.032218
I0420 11:31:10.317713  5827 lidar_obstacle_tracking.cc:81]  Lidar Tracking: 2.77249
I0420 11:31:10.317745  5827 lidar_obstacle_tracking.cc:91]  Lidar Classifier: 0.022589
I0420 11:31:10.448124  5828 lidar_obstacle_tracking.cc:81]  Lidar Tracking: 3.2301
I0420 11:31:10.448156  5828 lidar_obstacle_tracking.cc:91]  Lidar Classifier: 0.024838
I0420 11:31:10.515743  5822 lidar_obstacle_tracking.cc:81]  Lidar Tracking: 2.25175
I0420 11:31:10.515771  5822 lidar_obstacle_tracking.cc:91]  Lidar Classifier: 0.021916
I0420 11:31:10.660964  5825 lidar_obstacle_tracking.cc:81]  Lidar Tracking: 3.81573
I0420 11:31:10.661001  5825 lidar_obstacle_tracking.cc:91]  Lidar Classifier: 0.029782
I0420 11:31:10.719528  5830 lidar_obstacle_tracking.cc:81]  Lidar Tracking: 2.92514
I0420 11:31:10.719565  5830 lidar_obstacle_tracking.cc:91]  Lidar Classifier: 0.030004
I0420 11:31:10.834064  5832 lidar_obstacle_tracking.cc:81]  Lidar Tracking: 2.15396
I0420 11:31:10.834096  5832 lidar_obstacle_tracking.cc:91]  Lidar Classifier: 0.022943
I0420 11:31:10.919747  5826 lidar_obstacle_tracking.cc:81]  Lidar Tracking: 1.98101
I0420 11:31:10.919777  5826 lidar_obstacle_tracking.cc:91]  Lidar Classifier: 0.022023
I0420 11:31:11.046386  5828 lidar_obstacle_tracking.cc:81]  Lidar Tracking: 2.85921
I0420 11:31:11.046418  5828 lidar_obstacle_tracking.cc:91]  Lidar Classifier: 0.023129
I0420 11:31:11.115829  5823 lidar_obstacle_tracking.cc:81]  Lidar Tracking: 1.69012
I0420 11:31:11.115859  5823 lidar_obstacle_tracking.cc:91]  Lidar Classifier: 0.022341
I0420 11:31:11.242926  5825 lidar_obstacle_tracking.cc:81]  Lidar Tracking: 2.4487
I0420 11:31:11.242966  5825 lidar_obstacle_tracking.cc:91]  Lidar Classifier: 0.027527
I0420 11:31:11.315738  5831 lidar_obstacle_tracking.cc:81]  Lidar Tracking: 2.17194
I0420 11:31:11.315783  5831 lidar_obstacle_tracking.cc:91]  Lidar Classifier: 0.034258
I0420 11:31:11.442726  5833 lidar_obstacle_tracking.cc:81]  Lidar Tracking: 2.87522
I0420 11:31:11.442795  5833 lidar_obstacle_tracking.cc:91]  Lidar Classifier: 0.039002
I0420 11:31:11.524674  5827 lidar_obstacle_tracking.cc:81]  Lidar Tracking: 2.84391
I0420 11:31:11.524715  5827 lidar_obstacle_tracking.cc:91]  Lidar Classifier: 0.03126
I0420 11:31:11.650207  5830 lidar_obstacle_tracking.cc:81]  Lidar Tracking: 2.79122
I0420 11:31:11.650249  5830 lidar_obstacle_tracking.cc:91]  Lidar Classifier: 0.033861
I0420 11:31:11.724808  5823 lidar_obstacle_tracking.cc:81]  Lidar Tracking: 3.07826
I0420 11:31:11.724853  5823 lidar_obstacle_tracking.cc:91]  Lidar Classifier: 0.034213
I0420 11:31:11.842906  5826 lidar_obstacle_tracking.cc:81]  Lidar Tracking: 1.86533
I0420 11:31:11.842952  5826 lidar_obstacle_tracking.cc:91]  Lidar Classifier: 0.023733
I0420 11:31:11.955785  5829 lidar_obstacle_tracking.cc:81]  Lidar Tracking: 2.27621
I0420 11:31:11.955819  5829 lidar_obstacle_tracking.cc:91]  Lidar Classifier: 0.026801
I0420 11:31:12.015805  5822 lidar_obstacle_tracking.cc:81]  Lidar Tracking: 1.6983
I0420 11:31:12.015835  5822 lidar_obstacle_tracking.cc:91]  Lidar Classifier: 0.023659
I0420 11:31:12.133401  5824 lidar_obstacle_tracking.cc:81]  Lidar Tracking: 1.74939
I0420 11:31:12.133430  5824 lidar_obstacle_tracking.cc:91]  Lidar Classifier: 0.022498
I0420 11:31:12.226552  5828 lidar_obstacle_tracking.cc:81]  Lidar Tracking: 1.81499
I0420 11:31:12.226588  5828 lidar_obstacle_tracking.cc:91]  Lidar Classifier: 0.028967
I0420 11:31:12.356532  5832 lidar_obstacle_tracking.cc:81]  Lidar Tracking: 2.4952
I0420 11:31:12.356566  5832 lidar_obstacle_tracking.cc:91]  Lidar Classifier: 0.025307
I0420 11:31:12.414930  5825 lidar_obstacle_tracking.cc:81]  Lidar Tracking: 1.80505
I0420 11:31:12.414963  5825 lidar_obstacle_tracking.cc:91]  Lidar Classifier: 0.025161
I0420 11:31:12.548449  5829 lidar_obstacle_tracking.cc:81]  Lidar Tracking: 2.04253
I0420 11:31:12.548481  5829 lidar_obstacle_tracking.cc:91]  Lidar Classifier: 0.024329
I0420 11:31:12.615423  5833 lidar_obstacle_tracking.cc:81]  Lidar Tracking: 1.82149
I0420 11:31:12.615458  5833 lidar_obstacle_tracking.cc:91]  Lidar Classifier: 0.02672
I0420 11:31:12.718328  5826 lidar_obstacle_tracking.cc:81]  Lidar Tracking: 1.85218
I0420 11:31:12.718365  5826 lidar_obstacle_tracking.cc:91]  Lidar Classifier: 0.027858
I0420 11:31:12.833057  5830 lidar_obstacle_tracking.cc:81]  Lidar Tracking: 1.90672
I0420 11:31:12.833091  5830 lidar_obstacle_tracking.cc:91]  Lidar Classifier: 0.026717
I0420 11:31:12.957360  5822 lidar_obstacle_tracking.cc:81]  Lidar Tracking: 2.31075
I0420 11:31:12.957407  5822 lidar_obstacle_tracking.cc:91]  Lidar Classifier: 0.029145
I0420 11:31:13.016001  5827 lidar_obstacle_tracking.cc:81]  Lidar Tracking: 1.75347
I0420 11:31:13.016033  5827 lidar_obstacle_tracking.cc:91]  Lidar Classifier: 0.025834
I0420 11:31:13.156911  5829 lidar_obstacle_tracking.cc:81]  Lidar Tracking: 2.40108
I0420 11:31:13.156949  5829 lidar_obstacle_tracking.cc:91]  Lidar Classifier: 0.028267
I0420 11:31:13.216938  5823 lidar_obstacle_tracking.cc:81]  Lidar Tracking: 2.02374
I0420 11:31:13.216977  5823 lidar_obstacle_tracking.cc:91]  Lidar Classifier: 0.031173
I0420 11:31:13.356297  5825 lidar_obstacle_tracking.cc:81]  Lidar Tracking: 2.12462
I0420 11:31:13.356333  5825 lidar_obstacle_tracking.cc:91]  Lidar Classifier: 0.027197
I0420 11:31:13.415827  5831 lidar_obstacle_tracking.cc:81]  Lidar Tracking: 2.4104
I0420 11:31:13.415879  5831 lidar_obstacle_tracking.cc:91]  Lidar Classifier: 0.037778
I0420 11:31:13.564950  5832 lidar_obstacle_tracking.cc:81]  Lidar Tracking: 3.25257
I0420 11:31:13.565011  5832 lidar_obstacle_tracking.cc:91]  Lidar Classifier: 0.043763
I0420 11:31:13.619163  5824 lidar_obstacle_tracking.cc:81]  Lidar Tracking: 2.91842
I0420 11:31:13.619205  5824 lidar_obstacle_tracking.cc:91]  Lidar Classifier: 0.035364
I0420 11:31:13.757728  5831 lidar_obstacle_tracking.cc:81]  Lidar Tracking: 3.52614
I0420 11:31:13.757781  5831 lidar_obstacle_tracking.cc:91]  Lidar Classifier: 0.041821
I0420 11:31:13.815615  5822 lidar_obstacle_tracking.cc:81]  Lidar Tracking: 2.3391
I0420 11:31:13.815654  5822 lidar_obstacle_tracking.cc:91]  Lidar Classifier: 0.02947
I0420 11:31:13.964705  5827 lidar_obstacle_tracking.cc:81]  Lidar Tracking: 3.71478
I0420 11:31:13.964767  5827 lidar_obstacle_tracking.cc:91]  Lidar Classifier: 0.053483
I0420 11:31:14.017482  5831 lidar_obstacle_tracking.cc:81]  Lidar Tracking: 3.25382
I0420 11:31:14.017540  5831 lidar_obstacle_tracking.cc:91]  Lidar Classifier: 0.044434
I0420 11:31:14.164419  5832 lidar_obstacle_tracking.cc:81]  Lidar Tracking: 3.71064
I0420 11:31:14.164471  5832 lidar_obstacle_tracking.cc:91]  Lidar Classifier: 0.039795
I0420 11:31:14.216284  5824 lidar_obstacle_tracking.cc:81]  Lidar Tracking: 2.26323
I0420 11:31:14.216341  5824 lidar_obstacle_tracking.cc:91]  Lidar Classifier: 0.04344
I0420 11:31:14.356969  5830 lidar_obstacle_tracking.cc:81]  Lidar Tracking: 2.8881
I0420 11:31:14.357010  5830 lidar_obstacle_tracking.cc:91]  Lidar Classifier: 0.032096
I0420 11:31:14.417863  5822 lidar_obstacle_tracking.cc:81]  Lidar Tracking: 2.34505
I0420 11:31:14.417902  5822 lidar_obstacle_tracking.cc:91]  Lidar Classifier: 0.030216
I0420 11:31:14.536707  5827 lidar_obstacle_tracking.cc:81]  Lidar Tracking: 2.58953
I0420 11:31:14.536746  5827 lidar_obstacle_tracking.cc:91]  Lidar Classifier: 0.030441
I0420 11:31:14.633769  5831 lidar_obstacle_tracking.cc:81]  Lidar Tracking: 3.54234
I0420 11:31:14.633824  5831 lidar_obstacle_tracking.cc:91]  Lidar Classifier: 0.041627
I0420 11:31:14.744000  5822 lidar_obstacle_tracking.cc:81]  Lidar Tracking: 3.00022
I0420 11:31:14.744041  5822 lidar_obstacle_tracking.cc:91]  Lidar Classifier: 0.033229
I0420 11:31:14.818320  5826 lidar_obstacle_tracking.cc:81]  Lidar Tracking: 2.23469
I0420 11:31:14.818358  5826 lidar_obstacle_tracking.cc:91]  Lidar Classifier: 0.029753
I0420 11:31:14.957835  5829 lidar_obstacle_tracking.cc:81]  Lidar Tracking: 2.766
I0420 11:31:14.957875  5829 lidar_obstacle_tracking.cc:91]  Lidar Classifier: 0.030701
I0420 11:31:15.018201  5833 lidar_obstacle_tracking.cc:81]  Lidar Tracking: 2.52044
I0420 11:31:15.018240  5833 lidar_obstacle_tracking.cc:91]  Lidar Classifier: 0.029371
I0420 11:31:15.134856  5825 lidar_obstacle_tracking.cc:81]  Lidar Tracking: 2.98823
I0420 11:31:15.134902  5825 lidar_obstacle_tracking.cc:91]  Lidar Classifier: 0.033646
I0420 11:31:15.230165  5828 lidar_obstacle_tracking.cc:81]  Lidar Tracking: 3.38577
I0420 11:31:15.230214  5828 lidar_obstacle_tracking.cc:91]  Lidar Classifier: 0.039249
I0420 11:31:15.348554  5822 lidar_obstacle_tracking.cc:81]  Lidar Tracking: 3.24572
I0420 11:31:15.348595  5822 lidar_obstacle_tracking.cc:91]  Lidar Classifier: 0.032375
I0420 11:31:15.416918  5824 lidar_obstacle_tracking.cc:81]  Lidar Tracking: 2.66764
I0420 11:31:15.416954  5824 lidar_obstacle_tracking.cc:91]  Lidar Classifier: 0.028912
I0420 11:31:15.558676  5830 lidar_obstacle_tracking.cc:81]  Lidar Tracking: 4.43523
I0420 11:31:15.558718  5830 lidar_obstacle_tracking.cc:91]  Lidar Classifier: 0.034579
I0420 11:31:15.620913  5832 lidar_obstacle_tracking.cc:81]  Lidar Tracking: 2.95869
I0420 11:31:15.620951  5832 lidar_obstacle_tracking.cc:91]  Lidar Classifier: 0.029809
I0420 11:31:15.738592  5826 lidar_obstacle_tracking.cc:81]  Lidar Tracking: 2.84393
I0420 11:31:15.738629  5826 lidar_obstacle_tracking.cc:91]  Lidar Classifier: 0.027635
I0420 11:31:15.834169  5831 lidar_obstacle_tracking.cc:81]  Lidar Tracking: 4.79682
I0420 11:31:15.834218  5831 lidar_obstacle_tracking.cc:91]  Lidar Classifier: 0.037411
I0420 11:31:15.925145  5823 lidar_obstacle_tracking.cc:81]  Lidar Tracking: 3.62662
I0420 11:31:15.925182  5823 lidar_obstacle_tracking.cc:91]  Lidar Classifier: 0.028472
I0420 11:31:16.052806  5827 lidar_obstacle_tracking.cc:81]  Lidar Tracking: 4.64827
I0420 11:31:16.052855  5827 lidar_obstacle_tracking.cc:91]  Lidar Classifier: 0.038391
I0420 11:31:16.121788  5829 lidar_obstacle_tracking.cc:81]  Lidar Tracking: 3.94585
I0420 11:31:16.121829  5829 lidar_obstacle_tracking.cc:91]  Lidar Classifier: 0.03223
I0420 11:31:16.259963  5822 lidar_obstacle_tracking.cc:81]  Lidar Tracking: 4.05713
I0420 11:31:16.259999  5822 lidar_obstacle_tracking.cc:91]  Lidar Classifier: 0.029798
I0420 11:31:16.317634  5824 lidar_obstacle_tracking.cc:81]  Lidar Tracking: 2.97013
I0420 11:31:16.317672  5824 lidar_obstacle_tracking.cc:91]  Lidar Classifier: 0.029869
I0420 11:31:16.444316  5830 lidar_obstacle_tracking.cc:81]  Lidar Tracking: 3.3522
I0420 11:31:16.444350  5830 lidar_obstacle_tracking.cc:91]  Lidar Classifier: 0.02714
I0420 11:31:16.516881  5833 lidar_obstacle_tracking.cc:81]  Lidar Tracking: 2.32599
I0420 11:31:16.516917  5833 lidar_obstacle_tracking.cc:91]  Lidar Classifier: 0.027056
I0420 11:31:16.654031  5825 lidar_obstacle_tracking.cc:81]  Lidar Tracking: 3.10093
I0420 11:31:16.654067  5825 lidar_obstacle_tracking.cc:91]  Lidar Classifier: 0.027314
I0420 11:31:16.715261  5831 lidar_obstacle_tracking.cc:81]  Lidar Tracking: 1.95313
I0420 11:31:16.715291  5831 lidar_obstacle_tracking.cc:91]  Lidar Classifier: 0.024709
I0420 11:31:16.857419  5832 lidar_obstacle_tracking.cc:81]  Lidar Tracking: 2.55908
I0420 11:31:16.857455  5832 lidar_obstacle_tracking.cc:91]  Lidar Classifier: 0.028783
I0420 11:31:16.914469  5827 lidar_obstacle_tracking.cc:81]  Lidar Tracking: 1.85879
I0420 11:31:16.914500  5827 lidar_obstacle_tracking.cc:91]  Lidar Classifier: 0.025581
I0420 11:31:17.058717  5829 lidar_obstacle_tracking.cc:81]  Lidar Tracking: 3.99638
I0420 11:31:17.058778  5829 lidar_obstacle_tracking.cc:91]  Lidar Classifier: 0.0435
I0420 11:31:17.114737  5823 lidar_obstacle_tracking.cc:81]  Lidar Tracking: 1.57384
I0420 11:31:17.114765  5823 lidar_obstacle_tracking.cc:91]  Lidar Classifier: 0.021982
I0420 11:31:17.239058  5824 lidar_obstacle_tracking.cc:81]  Lidar Tracking: 2.19998
I0420 11:31:17.239084  5824 lidar_obstacle_tracking.cc:91]  Lidar Classifier: 0.02131
I0420 11:31:17.329404  5828 lidar_obstacle_tracking.cc:81]  Lidar Tracking: 2.59283
I0420 11:31:17.329452  5828 lidar_obstacle_tracking.cc:91]  Lidar Classifier: 0.035395
I0420 11:31:17.450147  5822 lidar_obstacle_tracking.cc:81]  Lidar Tracking: 2.65599
I0420 11:31:17.450182  5822 lidar_obstacle_tracking.cc:91]  Lidar Classifier: 0.025553
I0420 11:31:17.515985  5826 lidar_obstacle_tracking.cc:81]  Lidar Tracking: 1.23584
I0420 11:31:17.516016  5826 lidar_obstacle_tracking.cc:91]  Lidar Classifier: 0.023415
I0420 11:31:17.656237  5829 lidar_obstacle_tracking.cc:81]  Lidar Tracking: 2.70834
I0420 11:31:17.656296  5829 lidar_obstacle_tracking.cc:91]  Lidar Classifier: 0.044128
I0420 11:31:17.715168  5832 lidar_obstacle_tracking.cc:81]  Lidar Tracking: 1.21441
I0420 11:31:17.715196  5832 lidar_obstacle_tracking.cc:91]  Lidar Classifier: 0.022159
I0420 11:31:17.837783  5824 lidar_obstacle_tracking.cc:81]  Lidar Tracking: 1.51367
I0420 11:31:17.837812  5824 lidar_obstacle_tracking.cc:91]  Lidar Classifier: 0.022592
I0420 11:31:17.918951  5830 lidar_obstacle_tracking.cc:81]  Lidar Tracking: 1.09159
I0420 11:31:17.918977  5830 lidar_obstacle_tracking.cc:91]  Lidar Classifier: 0.019346
I0420 11:31:18.047593  5822 lidar_obstacle_tracking.cc:81]  Lidar Tracking: 1.95029
I0420 11:31:18.047639  5822 lidar_obstacle_tracking.cc:91]  Lidar Classifier: 0.029848
I0420 11:31:18.111913  5825 lidar_obstacle_tracking.cc:81]  Lidar Tracking: 0.931877
I0420 11:31:18.111938  5825 lidar_obstacle_tracking.cc:91]  Lidar Classifier: 0.018871
I0420 11:31:18.238580  5829 lidar_obstacle_tracking.cc:81]  Lidar Tracking: 1.49735
I0420 11:31:18.238620  5829 lidar_obstacle_tracking.cc:91]  Lidar Classifier: 0.029571
I0420 11:31:18.322563  5833 lidar_obstacle_tracking.cc:81]  Lidar Tracking: 1.59939
I0420 11:31:18.322607  5833 lidar_obstacle_tracking.cc:91]  Lidar Classifier: 0.031271
I0420 11:31:18.439958  5826 lidar_obstacle_tracking.cc:81]  Lidar Tracking: 1.17793
I0420 11:31:18.439990  5826 lidar_obstacle_tracking.cc:91]  Lidar Classifier: 0.024174
I0420 11:31:18.529642  5829 lidar_obstacle_tracking.cc:81]  Lidar Tracking: 2.45515
I0420 11:31:18.529703  5829 lidar_obstacle_tracking.cc:91]  Lidar Classifier: 0.041461
I0420 11:31:18.640863  5823 lidar_obstacle_tracking.cc:81]  Lidar Tracking: 1.62996
I0420 11:31:18.640902  5823 lidar_obstacle_tracking.cc:91]  Lidar Classifier: 0.029263
I0420 11:31:18.736507  5827 lidar_obstacle_tracking.cc:81]  Lidar Tracking: 1.78439
I0420 11:31:18.736547  5827 lidar_obstacle_tracking.cc:91]  Lidar Classifier: 0.03028
I0420 11:31:18.841032  5831 lidar_obstacle_tracking.cc:81]  Lidar Tracking: 2.47956
I0420 11:31:18.841094  5831 lidar_obstacle_tracking.cc:91]  Lidar Classifier: 0.047007
I0420 11:31:18.917454  5832 lidar_obstacle_tracking.cc:81]  Lidar Tracking: 1.44822
I0420 11:31:18.917490  5832 lidar_obstacle_tracking.cc:91]  Lidar Classifier: 0.026251
I0420 11:31:19.057984  5826 lidar_obstacle_tracking.cc:81]  Lidar Tracking: 1.92281
I0420 11:31:19.058024  5826 lidar_obstacle_tracking.cc:91]  Lidar Classifier: 0.031417
I0420 11:31:19.116627  5831 lidar_obstacle_tracking.cc:81]  Lidar Tracking: 1.58584
I0420 11:31:19.116677  5831 lidar_obstacle_tracking.cc:91]  Lidar Classifier: 0.035794
I0420 11:31:19.250217  5832 lidar_obstacle_tracking.cc:81]  Lidar Tracking: 2.02327
I0420 11:31:19.250260  5832 lidar_obstacle_tracking.cc:91]  Lidar Classifier: 0.03057
I0420 11:31:19.331601  5827 lidar_obstacle_tracking.cc:81]  Lidar Tracking: 2.06088
I0420 11:31:19.331650  5827 lidar_obstacle_tracking.cc:91]  Lidar Classifier: 0.0334
I0420 11:31:19.423815  5830 lidar_obstacle_tracking.cc:81]  Lidar Tracking: 1.3121
I0420 11:31:19.423843  5830 lidar_obstacle_tracking.cc:91]  Lidar Classifier: 0.022754
I0420 11:31:19.552476  5823 lidar_obstacle_tracking.cc:81]  Lidar Tracking: 2.00782
I0420 11:31:19.552522  5823 lidar_obstacle_tracking.cc:91]  Lidar Classifier: 0.033215
I0420 11:31:19.620838  5827 lidar_obstacle_tracking.cc:81]  Lidar Tracking: 1.81694
I0420 11:31:19.620877  5827 lidar_obstacle_tracking.cc:91]  Lidar Classifier: 0.027078
I0420 11:31:19.760596  5831 lidar_obstacle_tracking.cc:81]  Lidar Tracking: 2.52653
I0420 11:31:19.760643  5831 lidar_obstacle_tracking.cc:91]  Lidar Classifier: 0.032903
I0420 11:31:19.814007  5832 lidar_obstacle_tracking.cc:81]  Lidar Tracking: 1.18927
I0420 11:31:19.814056  5832 lidar_obstacle_tracking.cc:91]  Lidar Classifier: 0.035647
I0420 11:31:19.963901  5824 lidar_obstacle_tracking.cc:81]  Lidar Tracking: 2.72671
I0420 11:31:19.963948  5824 lidar_obstacle_tracking.cc:91]  Lidar Classifier: 0.034258
I0420 11:31:20.015967  5829 lidar_obstacle_tracking.cc:81]  Lidar Tracking: 1.29829
I0420 11:31:20.015995  5829 lidar_obstacle_tracking.cc:91]  Lidar Classifier: 0.022449
I0420 11:31:20.163566  5833 lidar_obstacle_tracking.cc:81]  Lidar Tracking: 2.31718
I0420 11:31:20.163600  5833 lidar_obstacle_tracking.cc:91]  Lidar Classifier: 0.027708
I0420 11:31:20.215556  5825 lidar_obstacle_tracking.cc:81]  Lidar Tracking: 1.52102
I0420 11:31:20.215595  5825 lidar_obstacle_tracking.cc:91]  Lidar Classifier: 0.028463
I0420 11:31:20.342761  5828 lidar_obstacle_tracking.cc:81]  Lidar Tracking: 1.78576
I0420 11:31:20.342795  5828 lidar_obstacle_tracking.cc:91]  Lidar Classifier: 0.026827
I0420 11:31:20.422529  5822 lidar_obstacle_tracking.cc:81]  Lidar Tracking: 1.71878
I0420 11:31:20.422566  5822 lidar_obstacle_tracking.cc:91]  Lidar Classifier: 0.026085
I0420 11:31:20.551795  5826 lidar_obstacle_tracking.cc:81]  Lidar Tracking: 2.20096
I0420 11:31:20.551823  5826 lidar_obstacle_tracking.cc:91]  Lidar Classifier: 0.022377
I0420 11:31:20.617851  5831 lidar_obstacle_tracking.cc:81]  Lidar Tracking: 2.53135
I0420 11:31:20.617911  5831 lidar_obstacle_tracking.cc:91]  Lidar Classifier: 0.043765
I0420 11:31:20.740881  5832 lidar_obstacle_tracking.cc:81]  Lidar Tracking: 1.80818
I0420 11:31:20.740918  5832 lidar_obstacle_tracking.cc:91]  Lidar Classifier: 0.027144
I0420 11:31:20.832526  5827 lidar_obstacle_tracking.cc:81]  Lidar Tracking: 2.55064
I0420 11:31:20.832581  5827 lidar_obstacle_tracking.cc:91]  Lidar Classifier: 0.03985
I0420 11:31:20.916292  5831 lidar_obstacle_tracking.cc:81]  Lidar Tracking: 2.08993
I0420 11:31:20.916342  5831 lidar_obstacle_tracking.cc:91]  Lidar Classifier: 0.035709
I0420 11:31:21.053836  5833 lidar_obstacle_tracking.cc:81]  Lidar Tracking: 1.78459
I0420 11:31:21.053869  5833 lidar_obstacle_tracking.cc:91]  Lidar Classifier: 0.024941
I0420 11:31:21.113757  5824 lidar_obstacle_tracking.cc:81]  Lidar Tracking: 1.23162
I0420 11:31:21.113782  5824 lidar_obstacle_tracking.cc:91]  Lidar Classifier: 0.019837
I0420 11:31:21.260622  5829 lidar_obstacle_tracking.cc:81]  Lidar Tracking: 2.67031
I0420 11:31:21.260656  5829 lidar_obstacle_tracking.cc:91]  Lidar Classifier: 0.026341
I0420 11:31:21.318042  5823 lidar_obstacle_tracking.cc:81]  Lidar Tracking: 1.71194
I0420 11:31:21.318076  5823 lidar_obstacle_tracking.cc:91]  Lidar Classifier: 0.026185
I0420 11:31:21.429805  5825 lidar_obstacle_tracking.cc:81]  Lidar Tracking: 1.4085
I0420 11:31:21.429841  5825 lidar_obstacle_tracking.cc:91]  Lidar Classifier: 0.025282
I0420 11:31:21.525033  5831 lidar_obstacle_tracking.cc:81]  Lidar Tracking: 1.50936
I0420 11:31:21.525080  5831 lidar_obstacle_tracking.cc:91]  Lidar Classifier: 0.032618
I0420 11:31:21.659699  5832 lidar_obstacle_tracking.cc:81]  Lidar Tracking: 2.04473
I0420 11:31:21.659744  5832 lidar_obstacle_tracking.cc:91]  Lidar Classifier: 0.033209
I0420 11:31:21.713892  5826 lidar_obstacle_tracking.cc:81]  Lidar Tracking: 1.10117
I0420 11:31:21.713927  5826 lidar_obstacle_tracking.cc:91]  Lidar Classifier: 0.023804
I0420 11:31:21.852355  5831 lidar_obstacle_tracking.cc:81]  Lidar Tracking: 2.04516
I0420 11:31:21.852402  5831 lidar_obstacle_tracking.cc:91]  Lidar Classifier: 0.036678
I0420 11:31:21.914857  5822 lidar_obstacle_tracking.cc:81]  Lidar Tracking: 1.01883
I0420 11:31:21.914886  5822 lidar_obstacle_tracking.cc:91]  Lidar Classifier: 0.0218
I0420 11:31:22.032414  5827 lidar_obstacle_tracking.cc:81]  Lidar Tracking: 1.33029
I0420 11:31:22.032444  5827 lidar_obstacle_tracking.cc:91]  Lidar Classifier: 0.021906
I0420 11:31:22.131767  5830 lidar_obstacle_tracking.cc:81]  Lidar Tracking: 1.33147
I0420 11:31:22.131798  5830 lidar_obstacle_tracking.cc:91]  Lidar Classifier: 0.024999
I0420 11:31:22.225229  5833 lidar_obstacle_tracking.cc:81]  Lidar Tracking: 1.19446
I0420 11:31:22.225263  5833 lidar_obstacle_tracking.cc:91]  Lidar Classifier: 0.022552
I0420 11:31:22.334867  5824 lidar_obstacle_tracking.cc:81]  Lidar Tracking: 1.976
I0420 11:31:22.334930  5824 lidar_obstacle_tracking.cc:91]  Lidar Classifier: 0.045708
I0420 11:31:22.459465  5831 lidar_obstacle_tracking.cc:81]  Lidar Tracking: 2.38332
I0420 11:31:22.459527  5831 lidar_obstacle_tracking.cc:91]  Lidar Classifier: 0.043177
I0420 11:31:22.515797  5823 lidar_obstacle_tracking.cc:81]  Lidar Tracking: 2.05054
I0420 11:31:22.515832  5823 lidar_obstacle_tracking.cc:91]  Lidar Classifier: 0.02601
I0420 11:31:22.654795  5825 lidar_obstacle_tracking.cc:81]  Lidar Tracking: 1.70741
I0420 11:31:22.654839  5825 lidar_obstacle_tracking.cc:91]  Lidar Classifier: 0.030716
I0420 11:31:22.719930  5828 lidar_obstacle_tracking.cc:81]  Lidar Tracking: 2.07548
I0420 11:31:22.719966  5828 lidar_obstacle_tracking.cc:91]  Lidar Classifier: 0.02615
I0420 11:31:22.831547  5822 lidar_obstacle_tracking.cc:81]  Lidar Tracking: 1.69641
I0420 11:31:22.831578  5822 lidar_obstacle_tracking.cc:91]  Lidar Classifier: 0.023365
